{"/home/travis/build/npmtest/node-npmtest-js-git/test.js":{"path":"/home/travis/build/npmtest/node-npmtest-js-git/test.js","s":{"1":2,"2":2,"3":2,"4":2,"5":2,"6":2,"7":2,"8":1,"9":2,"10":2,"11":1,"12":1,"13":1,"14":1,"15":2,"16":2,"17":2,"18":2,"19":1,"20":1,"21":2,"22":2,"23":2,"24":1,"25":1,"26":1,"27":1,"28":1,"29":1,"30":1,"31":1,"32":1,"33":1,"34":1,"35":1,"36":1,"37":1,"38":1,"39":2,"40":2,"41":1,"42":2,"43":2,"44":1,"45":2,"46":2,"47":1,"48":2,"49":2,"50":1,"51":1,"52":1,"53":1,"54":1},"b":{"1":[2,1,1,1],"2":[1,1,1,1],"3":[1,1],"4":[1,1],"5":[1,1],"6":[1,1],"7":[1,1],"8":[1,1],"9":[1,1],"10":[1,1,1],"11":[1,1],"12":[1,1],"13":[1,1],"14":[1,1],"15":[1,1],"16":[1,1],"17":[1,1]},"f":{"1":2,"2":2,"3":2,"4":2,"5":2,"6":1,"7":1,"8":1,"9":2,"10":2,"11":2,"12":2,"13":1},"fnMap":{"1":{"name":"(anonymous_1)","line":12,"loc":{"start":{"line":12,"column":1},"end":{"line":12,"column":13}}},"2":{"name":"(anonymous_2)","line":19,"loc":{"start":{"line":19,"column":5},"end":{"line":19,"column":17}}},"3":{"name":"(anonymous_3)","line":23,"loc":{"start":{"line":23,"column":24},"end":{"line":23,"column":36}}},"4":{"name":"(anonymous_4)","line":61,"loc":{"start":{"line":61,"column":5},"end":{"line":61,"column":17}}},"5":{"name":"(anonymous_5)","line":82,"loc":{"start":{"line":82,"column":5},"end":{"line":82,"column":17}}},"6":{"name":"(anonymous_6)","line":91,"loc":{"start":{"line":91,"column":77},"end":{"line":94,"column":10}}},"7":{"name":"(anonymous_7)","line":112,"loc":{"start":{"line":112,"column":83},"end":{"line":115,"column":10}},"skip":true},"8":{"name":"(anonymous_8)","line":123,"loc":{"start":{"line":123,"column":77},"end":{"line":126,"column":10}},"skip":true},"9":{"name":"(anonymous_9)","line":139,"loc":{"start":{"line":139,"column":12},"end":{"line":139,"column":40}},"skip":true},"10":{"name":"(anonymous_10)","line":147,"loc":{"start":{"line":147,"column":77},"end":{"line":150,"column":10}},"skip":true},"11":{"name":"(anonymous_11)","line":158,"loc":{"start":{"line":158,"column":83},"end":{"line":161,"column":10}},"skip":true},"12":{"name":"(anonymous_12)","line":169,"loc":{"start":{"line":169,"column":79},"end":{"line":172,"column":10}},"skip":true},"13":{"name":"(anonymous_13)","line":180,"loc":{"start":{"line":180,"column":75},"end":{"line":183,"column":10}},"skip":true}},"statementMap":{"1":{"start":{"line":12,"column":0},"end":{"line":195,"column":5}},"2":{"start":{"line":14,"column":4},"end":{"line":14,"column":14}},"3":{"start":{"line":19,"column":4},"end":{"line":56,"column":9}},"4":{"start":{"line":21,"column":8},"end":{"line":21,"column":19}},"5":{"start":{"line":23,"column":8},"end":{"line":35,"column":13}},"6":{"start":{"line":24,"column":12},"end":{"line":34,"column":13}},"7":{"start":{"line":25,"column":16},"end":{"line":28,"column":30}},"8":{"start":{"line":30,"column":16},"end":{"line":33,"column":27}},"9":{"start":{"line":37,"column":8},"end":{"line":39,"column":21}},"10":{"start":{"line":40,"column":8},"end":{"line":53,"column":9}},"11":{"start":{"line":43,"column":12},"end":{"line":46,"column":14}},"12":{"start":{"line":47,"column":12},"end":{"line":47,"column":18}},"13":{"start":{"line":50,"column":12},"end":{"line":51,"column":33}},"14":{"start":{"line":52,"column":12},"end":{"line":52,"column":18}},"15":{"start":{"line":55,"column":8},"end":{"line":55,"column":35}},"16":{"start":{"line":61,"column":4},"end":{"line":63,"column":9}},"17":{"start":{"line":62,"column":8},"end":{"line":62,"column":15}},"18":{"start":{"line":64,"column":4},"end":{"line":77,"column":5}},"19":{"start":{"line":70,"column":8},"end":{"line":70,"column":14}},"20":{"start":{"line":76,"column":8},"end":{"line":76,"column":14}},"21":{"start":{"line":82,"column":4},"end":{"line":84,"column":9}},"22":{"start":{"line":83,"column":8},"end":{"line":83,"column":15}},"23":{"start":{"line":85,"column":4},"end":{"line":194,"column":5}},"24":{"start":{"line":91,"column":8},"end":{"line":99,"column":10}},"25":{"start":{"line":98,"column":12},"end":{"line":98,"column":35}},"26":{"start":{"line":102,"column":8},"end":{"line":104,"column":63}},"27":{"start":{"line":105,"column":8},"end":{"line":105,"column":14}},"28":{"start":{"line":112,"column":8},"end":{"line":121,"column":10},"skip":true},"29":{"start":{"line":119,"column":12},"end":{"line":119,"column":55},"skip":true},"30":{"start":{"line":120,"column":12},"end":{"line":120,"column":48},"skip":true},"31":{"start":{"line":123,"column":8},"end":{"line":136,"column":10},"skip":true},"32":{"start":{"line":130,"column":12},"end":{"line":130,"column":76},"skip":true},"33":{"start":{"line":131,"column":12},"end":{"line":131,"column":73},"skip":true},"34":{"start":{"line":132,"column":12},"end":{"line":132,"column":74},"skip":true},"35":{"start":{"line":133,"column":12},"end":{"line":133,"column":79},"skip":true},"36":{"start":{"line":134,"column":12},"end":{"line":134,"column":25},"skip":true},"37":{"start":{"line":135,"column":12},"end":{"line":135,"column":45},"skip":true},"38":{"start":{"line":138,"column":8},"end":{"line":145,"column":14},"skip":true},"39":{"start":{"line":143,"column":16},"end":{"line":143,"column":29},"skip":true},"40":{"start":{"line":144,"column":16},"end":{"line":144,"column":55},"skip":true},"41":{"start":{"line":147,"column":8},"end":{"line":156,"column":10},"skip":true},"42":{"start":{"line":154,"column":12},"end":{"line":154,"column":25},"skip":true},"43":{"start":{"line":155,"column":12},"end":{"line":155,"column":45},"skip":true},"44":{"start":{"line":158,"column":8},"end":{"line":167,"column":10},"skip":true},"45":{"start":{"line":165,"column":12},"end":{"line":165,"column":25},"skip":true},"46":{"start":{"line":166,"column":12},"end":{"line":166,"column":48},"skip":true},"47":{"start":{"line":169,"column":8},"end":{"line":178,"column":10},"skip":true},"48":{"start":{"line":176,"column":12},"end":{"line":176,"column":25},"skip":true},"49":{"start":{"line":177,"column":12},"end":{"line":177,"column":46},"skip":true},"50":{"start":{"line":180,"column":8},"end":{"line":189,"column":10},"skip":true},"51":{"start":{"line":187,"column":12},"end":{"line":187,"column":94},"skip":true},"52":{"start":{"line":188,"column":12},"end":{"line":188,"column":48},"skip":true},"53":{"start":{"line":192,"column":8},"end":{"line":192,"column":35},"skip":true},"54":{"start":{"line":193,"column":8},"end":{"line":193,"column":14},"skip":true}},"branchMap":{"1":{"line":25,"type":"binary-expr","locations":[{"start":{"line":25,"column":23},"end":{"line":25,"column":62}},{"start":{"line":26,"column":20},"end":{"line":26,"column":70}},{"start":{"line":27,"column":20},"end":{"line":27,"column":71}},{"start":{"line":28,"column":20},"end":{"line":28,"column":29}}]},"2":{"line":30,"type":"binary-expr","locations":[{"start":{"line":30,"column":23},"end":{"line":30,"column":37}},{"start":{"line":31,"column":20},"end":{"line":31,"column":61}},{"start":{"line":32,"column":20},"end":{"line":32,"column":70}},{"start":{"line":33,"column":20},"end":{"line":33,"column":26}}]},"3":{"line":37,"type":"cond-expr","locations":[{"start":{"line":38,"column":14},"end":{"line":38,"column":20}},{"start":{"line":39,"column":14},"end":{"line":39,"column":20}}]},"4":{"line":40,"type":"switch","locations":[{"start":{"line":42,"column":8},"end":{"line":47,"column":18}},{"start":{"line":49,"column":8},"end":{"line":52,"column":18}}]},"5":{"line":44,"type":"binary-expr","locations":[{"start":{"line":44,"column":16},"end":{"line":44,"column":44}},{"start":{"line":44,"column":48},"end":{"line":44,"column":66}}]},"6":{"line":50,"type":"binary-expr","locations":[{"start":{"line":50,"column":21},"end":{"line":50,"column":49}},{"start":{"line":50,"column":53},"end":{"line":50,"column":72}}]},"7":{"line":64,"type":"switch","locations":[{"start":{"line":69,"column":4},"end":{"line":70,"column":14}},{"start":{"line":75,"column":4},"end":{"line":76,"column":14}}]},"8":{"line":85,"type":"switch","locations":[{"start":{"line":90,"column":4},"end":{"line":105,"column":14}},{"start":{"line":111,"column":4},"end":{"line":193,"column":14},"skip":true}]},"9":{"line":91,"type":"binary-expr","locations":[{"start":{"line":91,"column":42},"end":{"line":91,"column":73}},{"start":{"line":91,"column":77},"end":{"line":99,"column":9}}]},"10":{"line":102,"type":"binary-expr","locations":[{"start":{"line":102,"column":18},"end":{"line":102,"column":32}},{"start":{"line":103,"column":12},"end":{"line":103,"column":53}},{"start":{"line":104,"column":12},"end":{"line":104,"column":61}}]},"11":{"line":112,"type":"binary-expr","locations":[{"start":{"line":112,"column":45},"end":{"line":112,"column":79},"skip":true},{"start":{"line":112,"column":83},"end":{"line":121,"column":9},"skip":true}]},"12":{"line":123,"type":"binary-expr","locations":[{"start":{"line":123,"column":42},"end":{"line":123,"column":73},"skip":true},{"start":{"line":123,"column":77},"end":{"line":136,"column":9},"skip":true}]},"13":{"line":138,"type":"binary-expr","locations":[{"start":{"line":138,"column":48},"end":{"line":138,"column":85},"skip":true},{"start":{"line":139,"column":12},"end":{"line":145,"column":13},"skip":true}]},"14":{"line":147,"type":"binary-expr","locations":[{"start":{"line":147,"column":42},"end":{"line":147,"column":73},"skip":true},{"start":{"line":147,"column":77},"end":{"line":156,"column":9},"skip":true}]},"15":{"line":158,"type":"binary-expr","locations":[{"start":{"line":158,"column":45},"end":{"line":158,"column":79},"skip":true},{"start":{"line":158,"column":83},"end":{"line":167,"column":9},"skip":true}]},"16":{"line":169,"type":"binary-expr","locations":[{"start":{"line":169,"column":43},"end":{"line":169,"column":75},"skip":true},{"start":{"line":169,"column":79},"end":{"line":178,"column":9},"skip":true}]},"17":{"line":180,"type":"binary-expr","locations":[{"start":{"line":180,"column":41},"end":{"line":180,"column":71},"skip":true},{"start":{"line":180,"column":75},"end":{"line":189,"column":9},"skip":true}]}},"code":["/* istanbul instrument in package npmtest_js_git */","/*jslint","    bitwise: true,","    browser: true,","    maxerr: 8,","    maxlen: 96,","    node: true,","    nomen: true,","    regexp: true,","    stupid: true","*/","(function () {","    'use strict';","    var local;","","","","    // run shared js-env code - init-before","    (function () {","        // init local","        local = {};","        // init modeJs","        local.modeJs = (function () {","            try {","                return typeof navigator.userAgent === 'string' &&","                    typeof document.querySelector('body') === 'object' &&","                    typeof XMLHttpRequest.prototype.open === 'function' &&","                    'browser';","            } catch (errorCaughtBrowser) {","                return module.exports &&","                    typeof process.versions.node === 'string' &&","                    typeof require('http').createServer === 'function' &&","                    'node';","            }","        }());","        // init global","        local.global = local.modeJs === 'browser'","            ? window","            : global;","        switch (local.modeJs) {","        // re-init local from window.local","        case 'browser':","            local = local.global.utility2.objectSetDefault(","                local.global.utility2_rollup || local.global.local,","                local.global.utility2","            );","            break;","        // re-init local from example.js","        case 'node':","            local = (local.global.utility2_rollup || require('utility2'))","                .requireReadme();","            break;","        }","        // export local","        local.global.local = local;","    }());","","","","    // run shared js-env code - function","    (function () {","        return;","    }());","    switch (local.modeJs) {","","","","    // run browser js-env code - function","    case 'browser':","        break;","","","","    // run node js-env code - function","    case 'node':","        break;","    }","","","","    // run shared js-env code - init-after","    (function () {","        return;","    }());","    switch (local.modeJs) {","","","","    // run browser js-env code - init-after","    case 'browser':","        local.testCase_browser_nullCase = local.testCase_browser_nullCase || function (","            options,","            onError","        ) {","        /*","         * this function will test browsers's null-case handling-behavior-behavior","         */","            onError(null, options);","        };","","        // run tests","        local.nop(local.modeTest &&","            document.querySelector('#testRunButton1') &&","            document.querySelector('#testRunButton1').click());","        break;","","","","    // run node js-env code - init-after","    /* istanbul ignore next */","    case 'node':","        local.testCase_buildApidoc_default = local.testCase_buildApidoc_default || function (","            options,","            onError","        ) {","        /*","         * this function will test buildApidoc's default handling-behavior-behavior","         */","            options = { modulePathList: module.paths };","            local.buildApidoc(options, onError);","        };","","        local.testCase_buildApp_default = local.testCase_buildApp_default || function (","            options,","            onError","        ) {","        /*","         * this function will test buildApp's default handling-behavior-behavior","         */","            local.testCase_buildReadme_default(options, local.onErrorThrow);","            local.testCase_buildLib_default(options, local.onErrorThrow);","            local.testCase_buildTest_default(options, local.onErrorThrow);","            local.testCase_buildCustomOrg_default(options, local.onErrorThrow);","            options = [];","            local.buildApp(options, onError);","        };","","        local.testCase_buildCustomOrg_default = local.testCase_buildCustomOrg_default ||","            function (options, onError) {","            /*","             * this function will test buildCustomOrg's default handling-behavior","             */","                options = {};","                local.buildCustomOrg(options, onError);","            };","","        local.testCase_buildLib_default = local.testCase_buildLib_default || function (","            options,","            onError","        ) {","        /*","         * this function will test buildLib's default handling-behavior","         */","            options = {};","            local.buildLib(options, onError);","        };","","        local.testCase_buildReadme_default = local.testCase_buildReadme_default || function (","            options,","            onError","        ) {","        /*","         * this function will test buildReadme's default handling-behavior-behavior","         */","            options = {};","            local.buildReadme(options, onError);","        };","","        local.testCase_buildTest_default = local.testCase_buildTest_default || function (","            options,","            onError","        ) {","        /*","         * this function will test buildTest's default handling-behavior","         */","            options = {};","            local.buildTest(options, onError);","        };","","        local.testCase_webpage_default = local.testCase_webpage_default || function (","            options,","            onError","        ) {","        /*","         * this function will test webpage's default handling-behavior","         */","            options = { modeCoverageMerge: true, url: local.serverLocalHost + '?modeTest=1' };","            local.browserTest(options, onError);","        };","","        // run test-server","        local.testRunServer(local);","        break;","    }","}());",""],"l":{"12":2,"14":2,"19":2,"21":2,"23":2,"24":2,"25":2,"30":1,"37":2,"40":2,"43":1,"47":1,"50":1,"52":1,"55":2,"61":2,"62":2,"64":2,"70":1,"76":1,"82":2,"83":2,"85":2,"91":1,"98":1,"102":1,"105":1,"112":1,"119":1,"120":1,"123":1,"130":1,"131":1,"132":1,"133":1,"134":1,"135":1,"138":1,"143":2,"144":2,"147":1,"154":2,"155":2,"158":1,"165":2,"166":2,"169":1,"176":2,"177":2,"180":1,"187":1,"188":1,"192":1,"193":1}},"/home/travis/build/npmtest/node-npmtest-js-git/lib.npmtest_js_git.js":{"path":"/home/travis/build/npmtest/node-npmtest-js-git/lib.npmtest_js_git.js","s":{"1":2,"2":2,"3":2,"4":2,"5":2,"6":2,"7":2,"8":1,"9":2,"10":2,"11":2,"12":2,"13":1,"14":1,"15":1,"16":1},"b":{"1":[2,1,1,1],"2":[1,1,1,1],"3":[1,1],"4":[2,2],"5":[1,1]},"f":{"1":2,"2":2,"3":2},"fnMap":{"1":{"name":"(anonymous_1)","line":12,"loc":{"start":{"line":12,"column":1},"end":{"line":12,"column":13}}},"2":{"name":"(anonymous_2)","line":19,"loc":{"start":{"line":19,"column":5},"end":{"line":19,"column":17}}},"3":{"name":"(anonymous_3)","line":23,"loc":{"start":{"line":23,"column":24},"end":{"line":23,"column":36}}}},"statementMap":{"1":{"start":{"line":12,"column":0},"end":{"line":53,"column":5}},"2":{"start":{"line":14,"column":4},"end":{"line":14,"column":14}},"3":{"start":{"line":19,"column":4},"end":{"line":52,"column":9}},"4":{"start":{"line":21,"column":8},"end":{"line":21,"column":19}},"5":{"start":{"line":23,"column":8},"end":{"line":35,"column":13}},"6":{"start":{"line":24,"column":12},"end":{"line":34,"column":13}},"7":{"start":{"line":25,"column":16},"end":{"line":28,"column":30}},"8":{"start":{"line":30,"column":16},"end":{"line":33,"column":27}},"9":{"start":{"line":37,"column":8},"end":{"line":39,"column":21}},"10":{"start":{"line":41,"column":8},"end":{"line":41,"column":54}},"11":{"start":{"line":43,"column":8},"end":{"line":43,"column":51}},"12":{"start":{"line":45,"column":8},"end":{"line":51,"column":9}},"13":{"start":{"line":46,"column":12},"end":{"line":46,"column":57}},"14":{"start":{"line":48,"column":12},"end":{"line":48,"column":35}},"15":{"start":{"line":49,"column":12},"end":{"line":49,"column":49}},"16":{"start":{"line":50,"column":12},"end":{"line":50,"column":43}}},"branchMap":{"1":{"line":25,"type":"binary-expr","locations":[{"start":{"line":25,"column":23},"end":{"line":25,"column":62}},{"start":{"line":26,"column":20},"end":{"line":26,"column":70}},{"start":{"line":27,"column":20},"end":{"line":27,"column":71}},{"start":{"line":28,"column":20},"end":{"line":28,"column":29}}]},"2":{"line":30,"type":"binary-expr","locations":[{"start":{"line":30,"column":23},"end":{"line":30,"column":37}},{"start":{"line":31,"column":20},"end":{"line":31,"column":61}},{"start":{"line":32,"column":20},"end":{"line":32,"column":70}},{"start":{"line":33,"column":20},"end":{"line":33,"column":26}}]},"3":{"line":37,"type":"cond-expr","locations":[{"start":{"line":38,"column":14},"end":{"line":38,"column":20}},{"start":{"line":39,"column":14},"end":{"line":39,"column":20}}]},"4":{"line":41,"type":"binary-expr","locations":[{"start":{"line":41,"column":16},"end":{"line":41,"column":44}},{"start":{"line":41,"column":48},"end":{"line":41,"column":53}}]},"5":{"line":45,"type":"if","locations":[{"start":{"line":45,"column":8},"end":{"line":45,"column":8}},{"start":{"line":45,"column":8},"end":{"line":45,"column":8}}]}},"code":["/* istanbul instrument in package npmtest_js_git */","/*jslint","    bitwise: true,","    browser: true,","    maxerr: 8,","    maxlen: 96,","    node: true,","    nomen: true,","    regexp: true,","    stupid: true","*/","(function () {","    'use strict';","    var local;","","","","    // run shared js-env code - init-before","    (function () {","        // init local","        local = {};","        // init modeJs","        local.modeJs = (function () {","            try {","                return typeof navigator.userAgent === 'string' &&","                    typeof document.querySelector('body') === 'object' &&","                    typeof XMLHttpRequest.prototype.open === 'function' &&","                    'browser';","            } catch (errorCaughtBrowser) {","                return module.exports &&","                    typeof process.versions.node === 'string' &&","                    typeof require('http').createServer === 'function' &&","                    'node';","            }","        }());","        // init global","        local.global = local.modeJs === 'browser'","            ? window","            : global;","        // init utility2_rollup","        local = local.global.utility2_rollup || local;","        // init lib","        local.local = local.npmtest_js_git = local;","        // init exports","        if (local.modeJs === 'browser') {","            local.global.utility2_npmtest_js_git = local;","        } else {","            module.exports = local;","            module.exports.__dirname = __dirname;","            module.exports.module = module;","        }","    }());","}());",""],"l":{"12":2,"14":2,"19":2,"21":2,"23":2,"24":2,"25":2,"30":1,"37":2,"41":2,"43":2,"45":2,"46":1,"48":1,"49":1,"50":1}},"/home/travis/build/npmtest/node-npmtest-js-git/example.js":{"path":"/home/travis/build/npmtest/node-npmtest-js-git/example.js","s":{"1":2,"2":2,"3":2,"4":2,"5":2,"6":2,"7":2,"8":1,"9":2,"10":2,"11":2,"12":2,"13":1,"14":2,"15":2,"16":2,"17":2,"18":2,"19":0,"20":2,"21":1,"22":1,"23":1,"24":1,"25":1,"26":0,"27":0,"28":1,"29":1,"30":2,"31":0,"32":0,"33":0,"34":1,"35":2,"36":2,"37":3,"38":3,"39":3,"40":3,"41":0,"42":3,"43":3,"44":3,"45":1,"46":3,"47":1,"48":1,"49":1,"50":1,"51":1,"52":1,"53":1,"54":1,"55":1,"56":1,"57":0,"58":1,"59":6,"60":6,"61":1,"62":2,"63":0,"64":2,"65":1,"66":1,"67":0,"68":0,"69":0,"70":0,"71":0,"72":0,"73":0,"74":0,"75":0,"76":0,"77":0,"78":0,"79":0,"80":0,"81":0,"82":0,"83":0},"b":{"1":[2,1,1,1],"2":[1,1,1,1],"3":[1,1],"4":[2,2],"5":[1,1],"6":[1,1],"7":[2,0],"8":[2,1,1,1,1,1],"9":[0,2,0],"10":[1,1],"11":[2,1,1],"12":[1,0],"13":[0,2],"14":[2,0,0,0,0,0,0],"15":[0,3],"16":[3,0],"17":[1,1],"18":[0,1],"19":[1,2,0,2],"20":[1,0],"21":[1,1],"22":[0,0],"23":[0,0],"24":[0,0],"25":[0,0],"26":[0,0],"27":[0,0],"28":[0,0]},"f":{"1":2,"2":2,"3":2,"4":2,"5":2,"6":2,"7":3,"8":3,"9":3,"10":1,"11":6,"12":0},"fnMap":{"1":{"name":"(anonymous_1)","line":26,"loc":{"start":{"line":26,"column":1},"end":{"line":26,"column":13}}},"2":{"name":"(anonymous_2)","line":33,"loc":{"start":{"line":33,"column":5},"end":{"line":33,"column":17}}},"3":{"name":"(anonymous_3)","line":37,"loc":{"start":{"line":37,"column":24},"end":{"line":37,"column":36}}},"4":{"name":"(anonymous_4)","line":69,"loc":{"start":{"line":69,"column":31},"end":{"line":69,"column":48}},"skip":true},"5":{"name":"(anonymous_5)","line":78,"loc":{"start":{"line":78,"column":26},"end":{"line":78,"column":45}},"skip":true},"6":{"name":"(anonymous_6)","line":123,"loc":{"start":{"line":123,"column":33},"end":{"line":123,"column":48}},"skip":true},"7":{"name":"(anonymous_7)","line":125,"loc":{"start":{"line":125,"column":27},"end":{"line":125,"column":39}},"skip":true},"8":{"name":"(anonymous_8)","line":133,"loc":{"start":{"line":133,"column":59},"end":{"line":133,"column":74}},"skip":true},"9":{"name":"(anonymous_9)","line":143,"loc":{"start":{"line":143,"column":45},"end":{"line":143,"column":62}},"skip":true},"10":{"name":"(anonymous_10)","line":144,"loc":{"start":{"line":144,"column":73},"end":{"line":144,"column":92}},"skip":true},"11":{"name":"(anonymous_11)","line":272,"loc":{"start":{"line":272,"column":51},"end":{"line":272,"column":77}},"skip":true},"12":{"name":"(anonymous_12)","line":315,"loc":{"start":{"line":315,"column":32},"end":{"line":315,"column":61}},"skip":true}},"statementMap":{"1":{"start":{"line":26,"column":0},"end":{"line":326,"column":5}},"2":{"start":{"line":28,"column":4},"end":{"line":28,"column":14}},"3":{"start":{"line":33,"column":4},"end":{"line":60,"column":9}},"4":{"start":{"line":35,"column":8},"end":{"line":35,"column":19}},"5":{"start":{"line":37,"column":8},"end":{"line":49,"column":13}},"6":{"start":{"line":38,"column":12},"end":{"line":48,"column":13}},"7":{"start":{"line":39,"column":16},"end":{"line":42,"column":30}},"8":{"start":{"line":44,"column":16},"end":{"line":47,"column":27}},"9":{"start":{"line":51,"column":8},"end":{"line":53,"column":21}},"10":{"start":{"line":55,"column":8},"end":{"line":57,"column":45}},"11":{"start":{"line":59,"column":8},"end":{"line":59,"column":35}},"12":{"start":{"line":61,"column":4},"end":{"line":325,"column":5}},"13":{"start":{"line":69,"column":8},"end":{"line":121,"column":10},"skip":true},"14":{"start":{"line":70,"column":12},"end":{"line":88,"column":13},"skip":true},"15":{"start":{"line":76,"column":16},"end":{"line":87,"column":19},"skip":true},"16":{"start":{"line":79,"column":20},"end":{"line":86,"column":21},"skip":true},"17":{"start":{"line":82,"column":24},"end":{"line":82,"column":43},"skip":true},"18":{"start":{"line":83,"column":24},"end":{"line":83,"column":30},"skip":true},"19":{"start":{"line":85,"column":24},"end":{"line":85,"column":49},"skip":true},"20":{"start":{"line":89,"column":12},"end":{"line":107,"column":13},"skip":true},"21":{"start":{"line":92,"column":16},"end":{"line":102,"column":17},"skip":true},"22":{"start":{"line":93,"column":20},"end":{"line":93,"column":86},"skip":true},"23":{"start":{"line":94,"column":20},"end":{"line":95,"column":45},"skip":true},"24":{"start":{"line":96,"column":20},"end":{"line":96,"column":42},"skip":true},"25":{"start":{"line":97,"column":20},"end":{"line":97,"column":48},"skip":true},"26":{"start":{"line":100,"column":20},"end":{"line":100,"column":85},"skip":true},"27":{"start":{"line":101,"column":20},"end":{"line":101,"column":96},"skip":true},"28":{"start":{"line":103,"column":16},"end":{"line":103,"column":22},"skip":true},"29":{"start":{"line":106,"column":16},"end":{"line":106,"column":22},"skip":true},"30":{"start":{"line":108,"column":12},"end":{"line":120,"column":13},"skip":true},"31":{"start":{"line":114,"column":16},"end":{"line":119,"column":17},"skip":true},"32":{"start":{"line":116,"column":20},"end":{"line":116,"column":78},"skip":true},"33":{"start":{"line":118,"column":20},"end":{"line":118,"column":47},"skip":true},"34":{"start":{"line":123,"column":8},"end":{"line":141,"column":11},"skip":true},"35":{"start":{"line":124,"column":12},"end":{"line":124,"column":54},"skip":true},"36":{"start":{"line":125,"column":12},"end":{"line":140,"column":14},"skip":true},"37":{"start":{"line":126,"column":16},"end":{"line":126,"column":28},"skip":true},"38":{"start":{"line":127,"column":16},"end":{"line":127,"column":69},"skip":true},"39":{"start":{"line":128,"column":16},"end":{"line":128,"column":75},"skip":true},"40":{"start":{"line":129,"column":16},"end":{"line":131,"column":17},"skip":true},"41":{"start":{"line":130,"column":20},"end":{"line":130,"column":27},"skip":true},"42":{"start":{"line":133,"column":16},"end":{"line":137,"column":36},"skip":true},"43":{"start":{"line":134,"column":20},"end":{"line":136,"column":55},"skip":true},"44":{"start":{"line":139,"column":16},"end":{"line":139,"column":57},"skip":true},"45":{"start":{"line":143,"column":8},"end":{"line":147,"column":11},"skip":true},"46":{"start":{"line":144,"column":12},"end":{"line":146,"column":15},"skip":true},"47":{"start":{"line":145,"column":16},"end":{"line":145,"column":70},"skip":true},"48":{"start":{"line":149,"column":8},"end":{"line":149,"column":31},"skip":true},"49":{"start":{"line":150,"column":8},"end":{"line":150,"column":14},"skip":true},"50":{"start":{"line":158,"column":8},"end":{"line":158,"column":31},"skip":true},"51":{"start":{"line":160,"column":8},"end":{"line":160,"column":33},"skip":true},"52":{"start":{"line":161,"column":8},"end":{"line":161,"column":37},"skip":true},"53":{"start":{"line":162,"column":8},"end":{"line":162,"column":35},"skip":true},"54":{"start":{"line":164,"column":8},"end":{"line":164,"column":50},"skip":true},"55":{"start":{"line":166,"column":8},"end":{"line":256,"column":2},"skip":true},"56":{"start":{"line":258,"column":8},"end":{"line":286,"column":9},"skip":true},"57":{"start":{"line":259,"column":12},"end":{"line":269,"column":14},"skip":true},"58":{"start":{"line":271,"column":12},"end":{"line":285,"column":19},"skip":true},"59":{"start":{"line":274,"column":20},"end":{"line":274,"column":35},"skip":true},"60":{"start":{"line":275,"column":20},"end":{"line":284,"column":21},"skip":true},"61":{"start":{"line":277,"column":24},"end":{"line":277,"column":64},"skip":true},"62":{"start":{"line":279,"column":24},"end":{"line":279,"column":40},"skip":true},"63":{"start":{"line":281,"column":24},"end":{"line":281,"column":40},"skip":true},"64":{"start":{"line":283,"column":24},"end":{"line":283,"column":39},"skip":true},"65":{"start":{"line":288,"column":8},"end":{"line":290,"column":9},"skip":true},"66":{"start":{"line":289,"column":12},"end":{"line":289,"column":18},"skip":true},"67":{"start":{"line":291,"column":8},"end":{"line":293,"column":54},"skip":true},"68":{"start":{"line":296,"column":8},"end":{"line":301,"column":37},"skip":true},"69":{"start":{"line":303,"column":8},"end":{"line":303,"column":82},"skip":true},"70":{"start":{"line":306,"column":8},"end":{"line":308,"column":9},"skip":true},"71":{"start":{"line":307,"column":12},"end":{"line":307,"column":82},"skip":true},"72":{"start":{"line":310,"column":8},"end":{"line":312,"column":9},"skip":true},"73":{"start":{"line":311,"column":12},"end":{"line":311,"column":18},"skip":true},"74":{"start":{"line":313,"column":8},"end":{"line":313,"column":54},"skip":true},"75":{"start":{"line":314,"column":8},"end":{"line":314,"column":69},"skip":true},"76":{"start":{"line":315,"column":8},"end":{"line":323,"column":36},"skip":true},"77":{"start":{"line":316,"column":12},"end":{"line":316,"column":61},"skip":true},"78":{"start":{"line":317,"column":12},"end":{"line":320,"column":13},"skip":true},"79":{"start":{"line":318,"column":16},"end":{"line":318,"column":75},"skip":true},"80":{"start":{"line":319,"column":16},"end":{"line":319,"column":23},"skip":true},"81":{"start":{"line":321,"column":12},"end":{"line":321,"column":38},"skip":true},"82":{"start":{"line":322,"column":12},"end":{"line":322,"column":27},"skip":true},"83":{"start":{"line":324,"column":8},"end":{"line":324,"column":14},"skip":true}},"branchMap":{"1":{"line":39,"type":"binary-expr","locations":[{"start":{"line":39,"column":23},"end":{"line":39,"column":62}},{"start":{"line":40,"column":20},"end":{"line":40,"column":70}},{"start":{"line":41,"column":20},"end":{"line":41,"column":71}},{"start":{"line":42,"column":20},"end":{"line":42,"column":29}}]},"2":{"line":44,"type":"binary-expr","locations":[{"start":{"line":44,"column":23},"end":{"line":44,"column":37}},{"start":{"line":45,"column":20},"end":{"line":45,"column":61}},{"start":{"line":46,"column":20},"end":{"line":46,"column":70}},{"start":{"line":47,"column":20},"end":{"line":47,"column":26}}]},"3":{"line":51,"type":"cond-expr","locations":[{"start":{"line":52,"column":14},"end":{"line":52,"column":20}},{"start":{"line":53,"column":14},"end":{"line":53,"column":20}}]},"4":{"line":55,"type":"binary-expr","locations":[{"start":{"line":55,"column":16},"end":{"line":55,"column":44}},{"start":{"line":55,"column":49},"end":{"line":57,"column":43}}]},"5":{"line":55,"type":"cond-expr","locations":[{"start":{"line":56,"column":14},"end":{"line":56,"column":50}},{"start":{"line":57,"column":14},"end":{"line":57,"column":43}}]},"6":{"line":61,"type":"switch","locations":[{"start":{"line":68,"column":4},"end":{"line":150,"column":14},"skip":true},{"start":{"line":156,"column":4},"end":{"line":324,"column":14},"skip":true}]},"7":{"line":70,"type":"if","locations":[{"start":{"line":70,"column":12},"end":{"line":70,"column":12},"skip":true},{"start":{"line":70,"column":12},"end":{"line":70,"column":12},"skip":true}]},"8":{"line":70,"type":"binary-expr","locations":[{"start":{"line":70,"column":16},"end":{"line":70,"column":22},"skip":true},{"start":{"line":70,"column":27},"end":{"line":70,"column":32},"skip":true},{"start":{"line":71,"column":20},"end":{"line":71,"column":39},"skip":true},{"start":{"line":72,"column":20},"end":{"line":72,"column":49},"skip":true},{"start":{"line":73,"column":20},"end":{"line":73,"column":58},"skip":true},{"start":{"line":74,"column":20},"end":{"line":74,"column":69},"skip":true}]},"9":{"line":79,"type":"switch","locations":[{"start":{"line":80,"column":20},"end":{"line":80,"column":33},"skip":true},{"start":{"line":81,"column":20},"end":{"line":83,"column":30},"skip":true},{"start":{"line":84,"column":20},"end":{"line":85,"column":49},"skip":true}]},"10":{"line":89,"type":"switch","locations":[{"start":{"line":90,"column":12},"end":{"line":103,"column":22},"skip":true},{"start":{"line":105,"column":12},"end":{"line":106,"column":22},"skip":true}]},"11":{"line":89,"type":"binary-expr","locations":[{"start":{"line":89,"column":20},"end":{"line":89,"column":25},"skip":true},{"start":{"line":89,"column":29},"end":{"line":89,"column":48},"skip":true},{"start":{"line":89,"column":52},"end":{"line":89,"column":74},"skip":true}]},"12":{"line":92,"type":"if","locations":[{"start":{"line":92,"column":16},"end":{"line":92,"column":16},"skip":true},{"start":{"line":92,"column":16},"end":{"line":92,"column":16},"skip":true}]},"13":{"line":108,"type":"if","locations":[{"start":{"line":108,"column":12},"end":{"line":108,"column":12},"skip":true},{"start":{"line":108,"column":12},"end":{"line":108,"column":12},"skip":true}]},"14":{"line":108,"type":"binary-expr","locations":[{"start":{"line":108,"column":16},"end":{"line":108,"column":61},"skip":true},{"start":{"line":108,"column":66},"end":{"line":108,"column":72},"skip":true},{"start":{"line":108,"column":77},"end":{"line":108,"column":82},"skip":true},{"start":{"line":109,"column":20},"end":{"line":109,"column":39},"skip":true},{"start":{"line":110,"column":20},"end":{"line":110,"column":49},"skip":true},{"start":{"line":111,"column":20},"end":{"line":111,"column":58},"skip":true},{"start":{"line":112,"column":20},"end":{"line":112,"column":68},"skip":true}]},"15":{"line":129,"type":"if","locations":[{"start":{"line":129,"column":16},"end":{"line":129,"column":16},"skip":true},{"start":{"line":129,"column":16},"end":{"line":129,"column":16},"skip":true}]},"16":{"line":134,"type":"cond-expr","locations":[{"start":{"line":135,"column":26},"end":{"line":135,"column":29},"skip":true},{"start":{"line":136,"column":26},"end":{"line":136,"column":54},"skip":true}]},"17":{"line":164,"type":"binary-expr","locations":[{"start":{"line":164,"column":27},"end":{"line":164,"column":43},"skip":true},{"start":{"line":164,"column":47},"end":{"line":164,"column":49},"skip":true}]},"18":{"line":258,"type":"if","locations":[{"start":{"line":258,"column":8},"end":{"line":258,"column":8},"skip":true},{"start":{"line":258,"column":8},"end":{"line":258,"column":8},"skip":true}]},"19":{"line":275,"type":"switch","locations":[{"start":{"line":276,"column":20},"end":{"line":277,"column":64},"skip":true},{"start":{"line":278,"column":20},"end":{"line":279,"column":40},"skip":true},{"start":{"line":280,"column":20},"end":{"line":281,"column":40},"skip":true},{"start":{"line":282,"column":20},"end":{"line":283,"column":39},"skip":true}]},"20":{"line":288,"type":"if","locations":[{"start":{"line":288,"column":8},"end":{"line":288,"column":8},"skip":true},{"start":{"line":288,"column":8},"end":{"line":288,"column":8},"skip":true}]},"21":{"line":288,"type":"binary-expr","locations":[{"start":{"line":288,"column":12},"end":{"line":288,"column":40},"skip":true},{"start":{"line":288,"column":44},"end":{"line":288,"column":67},"skip":true}]},"22":{"line":292,"type":"binary-expr","locations":[{"start":{"line":292,"column":12},"end":{"line":292,"column":50},"skip":true},{"start":{"line":293,"column":12},"end":{"line":293,"column":53},"skip":true}]},"23":{"line":297,"type":"binary-expr","locations":[{"start":{"line":297,"column":12},"end":{"line":297,"column":64},"skip":true},{"start":{"line":298,"column":12},"end":{"line":301,"column":36},"skip":true}]},"24":{"line":303,"type":"binary-expr","locations":[{"start":{"line":303,"column":43},"end":{"line":303,"column":75},"skip":true},{"start":{"line":303,"column":79},"end":{"line":303,"column":81},"skip":true}]},"25":{"line":306,"type":"if","locations":[{"start":{"line":306,"column":8},"end":{"line":306,"column":8},"skip":true},{"start":{"line":306,"column":8},"end":{"line":306,"column":8},"skip":true}]},"26":{"line":310,"type":"if","locations":[{"start":{"line":310,"column":8},"end":{"line":310,"column":8},"skip":true},{"start":{"line":310,"column":8},"end":{"line":310,"column":8},"skip":true}]},"27":{"line":313,"type":"binary-expr","locations":[{"start":{"line":313,"column":27},"end":{"line":313,"column":43},"skip":true},{"start":{"line":313,"column":47},"end":{"line":313,"column":53},"skip":true}]},"28":{"line":317,"type":"if","locations":[{"start":{"line":317,"column":12},"end":{"line":317,"column":12},"skip":true},{"start":{"line":317,"column":12},"end":{"line":317,"column":12},"skip":true}]}},"code":["/*","example.js","","quickstart example","","instruction","    1. save this script as example.js","    2. run the shell command:","        $ npm install npmtest-js-git && PORT=8081 node example.js","    3. play with the browser-demo on http://127.0.0.1:8081","*/","","","","/* istanbul instrument in package npmtest_js_git */","/*jslint","    bitwise: true,","    browser: true,","    maxerr: 8,","    maxlen: 96,","    node: true,","    nomen: true,","    regexp: true,","    stupid: true","*/","(function () {","    'use strict';","    var local;","","","","    // run shared js-env code - init-before","    (function () {","        // init local","        local = {};","        // init modeJs","        local.modeJs = (function () {","            try {","                return typeof navigator.userAgent === 'string' &&","                    typeof document.querySelector('body') === 'object' &&","                    typeof XMLHttpRequest.prototype.open === 'function' &&","                    'browser';","            } catch (errorCaughtBrowser) {","                return module.exports &&","                    typeof process.versions.node === 'string' &&","                    typeof require('http').createServer === 'function' &&","                    'node';","            }","        }());","        // init global","        local.global = local.modeJs === 'browser'","            ? window","            : global;","        // init utility2_rollup","        local = local.global.utility2_rollup || (local.modeJs === 'browser'","            ? local.global.utility2_npmtest_js_git","            : global.utility2_moduleExports);","        // export local","        local.global.local = local;","    }());","    switch (local.modeJs) {","","","","    // init-after","    // run browser js-env code - init-after","    /* istanbul ignore next */","    case 'browser':","        local.testRunBrowser = function (event) {","            if (!event || (event &&","                    event.currentTarget &&","                    event.currentTarget.className &&","                    event.currentTarget.className.includes &&","                    event.currentTarget.className.includes('onreset'))) {","                // reset output","                Array.from(","                    document.querySelectorAll('body > .resettable')","                ).forEach(function (element) {","                    switch (element.tagName) {","                    case 'INPUT':","                    case 'TEXTAREA':","                        element.value = '';","                        break;","                    default:","                        element.textContent = '';","                    }","                });","            }","            switch (event && event.currentTarget && event.currentTarget.id) {","            case 'testRunButton1':","                // show tests","                if (document.querySelector('#testReportDiv1').style.display === 'none') {","                    document.querySelector('#testReportDiv1').style.display = 'block';","                    document.querySelector('#testRunButton1').textContent =","                        'hide internal test';","                    local.modeTest = true;","                    local.testRunDefault(local);","                // hide tests","                } else {","                    document.querySelector('#testReportDiv1').style.display = 'none';","                    document.querySelector('#testRunButton1').textContent = 'run internal test';","                }","                break;","            // custom-case","            default:","                break;","            }","            if (document.querySelector('#inputTextareaEval1') && (!event || (event &&","                    event.currentTarget &&","                    event.currentTarget.className &&","                    event.currentTarget.className.includes &&","                    event.currentTarget.className.includes('oneval')))) {","                // try to eval input-code","                try {","                    /*jslint evil: true*/","                    eval(document.querySelector('#inputTextareaEval1').value);","                } catch (errorCaught) {","                    console.error(errorCaught);","                }","            }","        };","        // log stderr and stdout to #outputTextareaStdout1","        ['error', 'log'].forEach(function (key) {","            console[key + '_original'] = console[key];","            console[key] = function () {","                var element;","                console[key + '_original'].apply(console, arguments);","                element = document.querySelector('#outputTextareaStdout1');","                if (!element) {","                    return;","                }","                // append text to #outputTextareaStdout1","                element.value += Array.from(arguments).map(function (arg) {","                    return typeof arg === 'string'","                        ? arg","                        : JSON.stringify(arg, null, 4);","                }).join(' ') + '\\n';","                // scroll textarea to bottom","                element.scrollTop = element.scrollHeight;","            };","        });","        // init event-handling","        ['change', 'click', 'keyup'].forEach(function (event) {","            Array.from(document.querySelectorAll('.on' + event)).forEach(function (element) {","                element.addEventListener(event, local.testRunBrowser);","            });","        });","        // run tests","        local.testRunBrowser();","        break;","","","","    // run node js-env code - init-after","    /* istanbul ignore next */","    case 'node':","        // export local","        module.exports = local;","        // require modules","        local.fs = require('fs');","        local.http = require('http');","        local.url = require('url');","        // init assets","        local.assetsDict = local.assetsDict || {};","        /* jslint-ignore-begin */","        local.assetsDict['/assets.index.template.html'] = '\\","<!doctype html>\\n\\","<html lang=\"en\">\\n\\","<head>\\n\\","<meta charset=\"UTF-8\">\\n\\","<meta name=\"viewport\" content=\"width=device-width, initial-scale=1\">\\n\\","<title>{{env.npm_package_name}} (v{{env.npm_package_version}})</title>\\n\\","<style>\\n\\","/*csslint\\n\\","    box-sizing: false,\\n\\","    universal-selector: false\\n\\","*/\\n\\","* {\\n\\","    box-sizing: border-box;\\n\\","}\\n\\","body {\\n\\","    background: #dde;\\n\\","    font-family: Arial, Helvetica, sans-serif;\\n\\","    margin: 2rem;\\n\\","}\\n\\","body > * {\\n\\","    margin-bottom: 1rem;\\n\\","}\\n\\",".utility2FooterDiv {\\n\\","    margin-top: 20px;\\n\\","    text-align: center;\\n\\","}\\n\\","</style>\\n\\","<style>\\n\\","/*csslint\\n\\","*/\\n\\","textarea {\\n\\","    font-family: monospace;\\n\\","    height: 10rem;\\n\\","    width: 100%;\\n\\","}\\n\\","textarea[readonly] {\\n\\","    background: #ddd;\\n\\","}\\n\\","</style>\\n\\","</head>\\n\\","<body>\\n\\","<!-- utility2-comment\\n\\","<div id=\"ajaxProgressDiv1\" style=\"background: #d00; height: 2px; left: 0; margin: 0; padding: 0; position: fixed; top: 0; transition: background 0.5s, width 1.5s; width: 25%;\"></div>\\n\\","utility2-comment -->\\n\\","<h1>\\n\\","<!-- utility2-comment\\n\\","    <a\\n\\","        {{#if env.npm_package_homepage}}\\n\\","        href=\"{{env.npm_package_homepage}}\"\\n\\","        {{/if env.npm_package_homepage}}\\n\\","        target=\"_blank\"\\n\\","    >\\n\\","utility2-comment -->\\n\\","        {{env.npm_package_name}} (v{{env.npm_package_version}})\\n\\","<!-- utility2-comment\\n\\","    </a>\\n\\","utility2-comment -->\\n\\","</h1>\\n\\","<h3>{{env.npm_package_description}}</h3>\\n\\","<!-- utility2-comment\\n\\","<h4><a download href=\"assets.app.js\">download standalone app</a></h4>\\n\\","<button class=\"onclick onreset\" id=\"testRunButton1\">run internal test</button><br>\\n\\","<div id=\"testReportDiv1\" style=\"display: none;\"></div>\\n\\","utility2-comment -->\\n\\","\\n\\","\\n\\","\\n\\","<label>stderr and stdout</label>\\n\\","<textarea class=\"resettable\" id=\"outputTextareaStdout1\" readonly></textarea>\\n\\","<!-- utility2-comment\\n\\","{{#if isRollup}}\\n\\","<script src=\"assets.app.js\"></script>\\n\\","{{#unless isRollup}}\\n\\","utility2-comment -->\\n\\","<script src=\"assets.utility2.rollup.js\"></script>\\n\\","<script src=\"jsonp.utility2._stateInit?callback=window.utility2._stateInit\"></script>\\n\\","<script src=\"assets.npmtest_js_git.rollup.js\"></script>\\n\\","<script src=\"assets.example.js\"></script>\\n\\","<script src=\"assets.test.js\"></script>\\n\\","<!-- utility2-comment\\n\\","{{/if isRollup}}\\n\\","utility2-comment -->\\n\\","<div class=\"utility2FooterDiv\">\\n\\","    [ this app was created with\\n\\","    <a href=\"https://github.com/kaizhu256/node-utility2\" target=\"_blank\">utility2</a>\\n\\","    ]\\n\\","</div>\\n\\","</body>\\n\\","</html>\\n\\","';","        /* jslint-ignore-end */","        if (local.templateRender) {","            local.assetsDict['/'] = local.templateRender(","                local.assetsDict['/assets.index.template.html'],","                {","                    env: local.objectSetDefault(local.env, {","                        npm_package_description: 'the greatest app in the world!',","                        npm_package_name: 'my-app',","                        npm_package_nameAlias: 'my_app',","                        npm_package_version: '0.0.1'","                    })","                }","            );","        } else {","            local.assetsDict['/'] = local.assetsDict['/assets.index.template.html']","                .replace((/\\{\\{env\\.(\\w+?)\\}\\}/g), function (match0, match1) {","                    // jslint-hack","                    String(match0);","                    switch (match1) {","                    case 'npm_package_description':","                        return 'the greatest app in the world!';","                    case 'npm_package_name':","                        return 'my-app';","                    case 'npm_package_nameAlias':","                        return 'my_app';","                    case 'npm_package_version':","                        return '0.0.1';","                    }","                });","        }","        // run the cli","        if (local.global.utility2_rollup || module !== require.main) {","            break;","        }","        local.assetsDict['/assets.example.js'] =","            local.assetsDict['/assets.example.js'] ||","            local.fs.readFileSync(__filename, 'utf8');","        // bug-workaround - long $npm_package_buildCustomOrg","        /* jslint-ignore-begin */","        local.assetsDict['/assets.npmtest_js_git.rollup.js'] =","            local.assetsDict['/assets.npmtest_js_git.rollup.js'] ||","            local.fs.readFileSync(","                local.npmtest_js_git.__dirname + '/lib.npmtest_js_git.js',","                'utf8'","            ).replace((/^#!/), '//');","        /* jslint-ignore-end */","        local.assetsDict['/favicon.ico'] = local.assetsDict['/favicon.ico'] || '';","        // if $npm_config_timeout_exit exists,","        // then exit this process after $npm_config_timeout_exit ms","        if (Number(process.env.npm_config_timeout_exit)) {","            setTimeout(process.exit, Number(process.env.npm_config_timeout_exit));","        }","        // start server","        if (local.global.utility2_serverHttp1) {","            break;","        }","        process.env.PORT = process.env.PORT || '8081';","        console.error('server starting on port ' + process.env.PORT);","        local.http.createServer(function (request, response) {","            request.urlParsed = local.url.parse(request.url);","            if (local.assetsDict[request.urlParsed.pathname] !== undefined) {","                response.end(local.assetsDict[request.urlParsed.pathname]);","                return;","            }","            response.statusCode = 404;","            response.end();","        }).listen(process.env.PORT);","        break;","    }","}());",""],"l":{"26":2,"28":2,"33":2,"35":2,"37":2,"38":2,"39":2,"44":1,"51":2,"55":2,"59":2,"61":2,"69":1,"70":2,"76":2,"79":2,"82":2,"83":2,"85":1,"89":2,"92":1,"93":1,"94":1,"96":1,"97":1,"100":1,"101":1,"103":1,"106":1,"108":2,"114":1,"116":1,"118":1,"123":1,"124":2,"125":2,"126":3,"127":3,"128":3,"129":3,"130":1,"133":3,"134":3,"139":3,"143":1,"144":3,"145":1,"149":1,"150":1,"158":1,"160":1,"161":1,"162":1,"164":1,"166":1,"258":1,"259":1,"271":1,"274":6,"275":6,"277":1,"279":2,"281":1,"283":2,"288":1,"289":1,"291":1,"296":1,"303":1,"306":1,"307":1,"310":1,"311":1,"313":1,"314":1,"315":1,"316":1,"317":1,"318":1,"319":1,"321":1,"322":1,"324":1}},"/home/travis/build/npmtest/node-npmtest-js-git/node_modules/js-git/lib/apply-delta.js":{"path":"/home/travis/build/npmtest/node-npmtest-js-git/node_modules/js-git/lib/apply-delta.js","s":{"1":1,"2":1,"3":1,"4":0,"5":0,"6":0,"7":0,"8":0,"9":0,"10":0,"11":0,"12":0,"13":0,"14":0,"15":0,"16":0,"17":0,"18":0,"19":0,"20":0,"21":0,"22":0,"23":0,"24":0,"25":0,"26":0,"27":0,"28":0,"29":0,"30":0,"31":0,"32":0,"33":0,"34":0,"35":0,"36":0,"37":0,"38":0,"39":0,"40":1,"41":0,"42":0,"43":0,"44":0,"45":0,"46":0,"47":0,"48":0},"b":{"1":[0,0],"2":[0,0],"3":[0,0],"4":[0,0],"5":[0,0],"6":[0,0],"7":[0,0],"8":[0,0],"9":[0,0],"10":[0,0],"11":[0,0],"12":[0,0]},"f":{"1":0,"2":0},"fnMap":{"1":{"name":"applyDelta","line":5,"loc":{"start":{"line":5,"column":0},"end":{"line":5,"column":33}}},"2":{"name":"readLength","line":50,"loc":{"start":{"line":50,"column":2},"end":{"line":50,"column":24}}}},"statementMap":{"1":{"start":{"line":1,"column":0},"end":{"line":1,"column":29}},"2":{"start":{"line":3,"column":0},"end":{"line":3,"column":28}},"3":{"start":{"line":5,"column":0},"end":{"line":61,"column":1}},"4":{"start":{"line":6,"column":2},"end":{"line":6,"column":22}},"5":{"start":{"line":8,"column":2},"end":{"line":10,"column":3}},"6":{"start":{"line":9,"column":4},"end":{"line":9,"column":44}},"7":{"start":{"line":13,"column":2},"end":{"line":13,"column":20}},"8":{"start":{"line":14,"column":2},"end":{"line":14,"column":39}},"9":{"start":{"line":16,"column":2},"end":{"line":41,"column":3}},"10":{"start":{"line":17,"column":4},"end":{"line":17,"column":36}},"11":{"start":{"line":19,"column":4},"end":{"line":40,"column":49}},"12":{"start":{"line":20,"column":6},"end":{"line":20,"column":21}},"13":{"start":{"line":21,"column":6},"end":{"line":21,"column":21}},"14":{"start":{"line":22,"column":6},"end":{"line":22,"column":59}},"15":{"start":{"line":22,"column":23},"end":{"line":22,"column":59}},"16":{"start":{"line":23,"column":6},"end":{"line":23,"column":59}},"17":{"start":{"line":23,"column":23},"end":{"line":23,"column":59}},"18":{"start":{"line":24,"column":6},"end":{"line":24,"column":60}},"19":{"start":{"line":24,"column":23},"end":{"line":24,"column":60}},"20":{"start":{"line":25,"column":6},"end":{"line":25,"column":60}},"21":{"start":{"line":25,"column":23},"end":{"line":25,"column":60}},"22":{"start":{"line":26,"column":6},"end":{"line":26,"column":59}},"23":{"start":{"line":26,"column":23},"end":{"line":26,"column":59}},"24":{"start":{"line":27,"column":6},"end":{"line":27,"column":59}},"25":{"start":{"line":27,"column":23},"end":{"line":27,"column":59}},"26":{"start":{"line":28,"column":6},"end":{"line":28,"column":60}},"27":{"start":{"line":28,"column":23},"end":{"line":28,"column":60}},"28":{"start":{"line":29,"column":6},"end":{"line":29,"column":41}},"29":{"start":{"line":29,"column":24},"end":{"line":29,"column":41}},"30":{"start":{"line":31,"column":6},"end":{"line":31,"column":77}},"31":{"start":{"line":32,"column":6},"end":{"line":32,"column":26}},"32":{"start":{"line":35,"column":9},"end":{"line":40,"column":49}},"33":{"start":{"line":36,"column":6},"end":{"line":36,"column":86}},"34":{"start":{"line":37,"column":6},"end":{"line":37,"column":26}},"35":{"start":{"line":38,"column":6},"end":{"line":38,"column":24}},"36":{"start":{"line":40,"column":9},"end":{"line":40,"column":49}},"37":{"start":{"line":43,"column":2},"end":{"line":45,"column":3}},"38":{"start":{"line":44,"column":4},"end":{"line":44,"column":46}},"39":{"start":{"line":47,"column":2},"end":{"line":47,"column":13}},"40":{"start":{"line":50,"column":2},"end":{"line":60,"column":3}},"41":{"start":{"line":51,"column":4},"end":{"line":51,"column":36}},"42":{"start":{"line":52,"column":4},"end":{"line":52,"column":29}},"43":{"start":{"line":53,"column":4},"end":{"line":53,"column":18}},"44":{"start":{"line":54,"column":4},"end":{"line":58,"column":5}},"45":{"start":{"line":55,"column":6},"end":{"line":55,"column":34}},"46":{"start":{"line":56,"column":6},"end":{"line":56,"column":39}},"47":{"start":{"line":57,"column":6},"end":{"line":57,"column":17}},"48":{"start":{"line":59,"column":4},"end":{"line":59,"column":18}}},"branchMap":{"1":{"line":8,"type":"if","locations":[{"start":{"line":8,"column":2},"end":{"line":8,"column":2}},{"start":{"line":8,"column":2},"end":{"line":8,"column":2}}]},"2":{"line":19,"type":"if","locations":[{"start":{"line":19,"column":4},"end":{"line":19,"column":4}},{"start":{"line":19,"column":4},"end":{"line":19,"column":4}}]},"3":{"line":22,"type":"if","locations":[{"start":{"line":22,"column":6},"end":{"line":22,"column":6}},{"start":{"line":22,"column":6},"end":{"line":22,"column":6}}]},"4":{"line":23,"type":"if","locations":[{"start":{"line":23,"column":6},"end":{"line":23,"column":6}},{"start":{"line":23,"column":6},"end":{"line":23,"column":6}}]},"5":{"line":24,"type":"if","locations":[{"start":{"line":24,"column":6},"end":{"line":24,"column":6}},{"start":{"line":24,"column":6},"end":{"line":24,"column":6}}]},"6":{"line":25,"type":"if","locations":[{"start":{"line":25,"column":6},"end":{"line":25,"column":6}},{"start":{"line":25,"column":6},"end":{"line":25,"column":6}}]},"7":{"line":26,"type":"if","locations":[{"start":{"line":26,"column":6},"end":{"line":26,"column":6}},{"start":{"line":26,"column":6},"end":{"line":26,"column":6}}]},"8":{"line":27,"type":"if","locations":[{"start":{"line":27,"column":6},"end":{"line":27,"column":6}},{"start":{"line":27,"column":6},"end":{"line":27,"column":6}}]},"9":{"line":28,"type":"if","locations":[{"start":{"line":28,"column":6},"end":{"line":28,"column":6}},{"start":{"line":28,"column":6},"end":{"line":28,"column":6}}]},"10":{"line":29,"type":"if","locations":[{"start":{"line":29,"column":6},"end":{"line":29,"column":6}},{"start":{"line":29,"column":6},"end":{"line":29,"column":6}}]},"11":{"line":35,"type":"if","locations":[{"start":{"line":35,"column":9},"end":{"line":35,"column":9}},{"start":{"line":35,"column":9},"end":{"line":35,"column":9}}]},"12":{"line":43,"type":"if","locations":[{"start":{"line":43,"column":2},"end":{"line":43,"column":2}},{"start":{"line":43,"column":2},"end":{"line":43,"column":2}}]}},"code":["var bodec = require('bodec');","","module.exports = applyDelta;","","function applyDelta(delta, base) {","  var deltaOffset = 0;","","  if (base.length !== readLength()) {","    throw new Error(\"Base length mismatch\");","  }","","  // Create a new output buffer with length from header.","  var outOffset = 0;","  var out = bodec.create(readLength());","","  while (deltaOffset < delta.length) {","    var byte = delta[deltaOffset++];","    // Copy command.  Tells us offset in base and length to copy.","    if (byte & 0x80) {","      var offset = 0;","      var length = 0;","      if (byte & 0x01) offset |= delta[deltaOffset++] << 0;","      if (byte & 0x02) offset |= delta[deltaOffset++] << 8;","      if (byte & 0x04) offset |= delta[deltaOffset++] << 16;","      if (byte & 0x08) offset |= delta[deltaOffset++] << 24;","      if (byte & 0x10) length |= delta[deltaOffset++] << 0;","      if (byte & 0x20) length |= delta[deltaOffset++] << 8;","      if (byte & 0x40) length |= delta[deltaOffset++] << 16;","      if (length === 0) length = 0x10000;","      // copy the data","      bodec.copy(bodec.slice(base, offset, offset + length), out, outOffset);","      outOffset += length;","    }","    // Insert command, opcode byte is length itself","    else if (byte) {","      bodec.copy(bodec.slice(delta, deltaOffset, deltaOffset + byte), out, outOffset);","      deltaOffset += byte;","      outOffset += byte;","    }","    else throw new Error('Invalid delta opcode');","  }","","  if (outOffset !== out.length) {","    throw new Error(\"Size mismatch in check\");","  }","","  return out;","","  // Read a variable length number our of delta and move the offset.","  function readLength() {","    var byte = delta[deltaOffset++];","    var length = byte & 0x7f;","    var shift = 7;","    while (byte & 0x80) {","      byte = delta[deltaOffset++];","      length |= (byte & 0x7f) << shift;","      shift += 7;","    }","    return length;","  }","}",""],"l":{"1":1,"3":1,"5":1,"6":0,"8":0,"9":0,"13":0,"14":0,"16":0,"17":0,"19":0,"20":0,"21":0,"22":0,"23":0,"24":0,"25":0,"26":0,"27":0,"28":0,"29":0,"31":0,"32":0,"35":0,"36":0,"37":0,"38":0,"40":0,"43":0,"44":0,"47":0,"50":1,"51":0,"52":0,"53":0,"54":0,"55":0,"56":0,"57":0,"59":0}},"/home/travis/build/npmtest/node-npmtest-js-git/node_modules/js-git/lib/config-codec.js":{"path":"/home/travis/build/npmtest/node-npmtest-js-git/node_modules/js-git/lib/config-codec.js","s":{"1":1,"2":1,"3":0,"4":0,"5":0,"6":0,"7":0,"8":0,"9":0,"10":0,"11":0,"12":0,"13":0,"14":0,"15":0,"16":0,"17":0,"18":0,"19":0,"20":0,"21":1,"22":0,"23":0,"24":0,"25":1,"26":0,"27":0,"28":0,"29":0,"30":0,"31":0,"32":0,"33":0,"34":0,"35":0,"36":0,"37":0,"38":0},"b":{"1":[0,0],"2":[0,0],"3":[0,0],"4":[0,0],"5":[0,0],"6":[0,0]},"f":{"1":0,"2":0,"3":0,"4":0,"5":0,"6":0,"7":0,"8":0},"fnMap":{"1":{"name":"encode","line":10,"loc":{"start":{"line":10,"column":0},"end":{"line":10,"column":24}}},"2":{"name":"(anonymous_2)","line":12,"loc":{"start":{"line":12,"column":30},"end":{"line":12,"column":46}}},"3":{"name":"(anonymous_3)","line":17,"loc":{"start":{"line":17,"column":29},"end":{"line":17,"column":44}}},"4":{"name":"(anonymous_4)","line":31,"loc":{"start":{"line":31,"column":30},"end":{"line":31,"column":45}}},"5":{"name":"encodeBody","line":39,"loc":{"start":{"line":39,"column":2},"end":{"line":39,"column":35}}},"6":{"name":"(anonymous_6)","line":41,"loc":{"start":{"line":41,"column":29},"end":{"line":41,"column":45}}},"7":{"name":"decode","line":49,"loc":{"start":{"line":49,"column":0},"end":{"line":49,"column":22}}},"8":{"name":"(anonymous_8)","line":52,"loc":{"start":{"line":52,"column":32},"end":{"line":52,"column":48}}}},"statementMap":{"1":{"start":{"line":5,"column":0},"end":{"line":8,"column":2}},"2":{"start":{"line":10,"column":0},"end":{"line":46,"column":1}},"3":{"start":{"line":11,"column":2},"end":{"line":11,"column":17}},"4":{"start":{"line":12,"column":2},"end":{"line":35,"column":5}},"5":{"start":{"line":13,"column":4},"end":{"line":13,"column":27}},"6":{"start":{"line":14,"column":4},"end":{"line":14,"column":18}},"7":{"start":{"line":15,"column":4},"end":{"line":15,"column":20}},"8":{"start":{"line":16,"column":4},"end":{"line":16,"column":26}},"9":{"start":{"line":17,"column":4},"end":{"line":26,"column":7}},"10":{"start":{"line":18,"column":6},"end":{"line":18,"column":27}},"11":{"start":{"line":19,"column":6},"end":{"line":25,"column":7}},"12":{"start":{"line":20,"column":8},"end":{"line":20,"column":26}},"13":{"start":{"line":23,"column":8},"end":{"line":23,"column":25}},"14":{"start":{"line":24,"column":8},"end":{"line":24,"column":28}},"15":{"start":{"line":27,"column":4},"end":{"line":29,"column":5}},"16":{"start":{"line":28,"column":6},"end":{"line":28,"column":43}},"17":{"start":{"line":31,"column":4},"end":{"line":34,"column":7}},"18":{"start":{"line":32,"column":6},"end":{"line":32,"column":28}},"19":{"start":{"line":33,"column":6},"end":{"line":33,"column":56}},"20":{"start":{"line":37,"column":2},"end":{"line":37,"column":33}},"21":{"start":{"line":39,"column":2},"end":{"line":44,"column":3}},"22":{"start":{"line":40,"column":4},"end":{"line":40,"column":23}},"23":{"start":{"line":41,"column":4},"end":{"line":43,"column":7}},"24":{"start":{"line":42,"column":6},"end":{"line":42,"column":51}},"25":{"start":{"line":49,"column":0},"end":{"line":67,"column":1}},"26":{"start":{"line":50,"column":2},"end":{"line":50,"column":18}},"27":{"start":{"line":51,"column":2},"end":{"line":51,"column":14}},"28":{"start":{"line":52,"column":2},"end":{"line":65,"column":5}},"29":{"start":{"line":53,"column":4},"end":{"line":53,"column":63}},"30":{"start":{"line":54,"column":4},"end":{"line":60,"column":5}},"31":{"start":{"line":55,"column":6},"end":{"line":55,"column":60}},"32":{"start":{"line":56,"column":6},"end":{"line":58,"column":7}},"33":{"start":{"line":57,"column":8},"end":{"line":57,"column":41}},"34":{"start":{"line":59,"column":6},"end":{"line":59,"column":13}},"35":{"start":{"line":61,"column":4},"end":{"line":61,"column":54}},"36":{"start":{"line":62,"column":4},"end":{"line":64,"column":5}},"37":{"start":{"line":63,"column":6},"end":{"line":63,"column":35}},"38":{"start":{"line":66,"column":2},"end":{"line":66,"column":16}}},"branchMap":{"1":{"line":19,"type":"if","locations":[{"start":{"line":19,"column":6},"end":{"line":19,"column":6}},{"start":{"line":19,"column":6},"end":{"line":19,"column":6}}]},"2":{"line":27,"type":"if","locations":[{"start":{"line":27,"column":4},"end":{"line":27,"column":4}},{"start":{"line":27,"column":4},"end":{"line":27,"column":4}}]},"3":{"line":54,"type":"if","locations":[{"start":{"line":54,"column":4},"end":{"line":54,"column":4}},{"start":{"line":54,"column":4},"end":{"line":54,"column":4}}]},"4":{"line":55,"type":"binary-expr","locations":[{"start":{"line":55,"column":16},"end":{"line":55,"column":32}},{"start":{"line":55,"column":37},"end":{"line":55,"column":58}}]},"5":{"line":56,"type":"if","locations":[{"start":{"line":56,"column":6},"end":{"line":56,"column":6}},{"start":{"line":56,"column":6},"end":{"line":56,"column":6}}]},"6":{"line":62,"type":"if","locations":[{"start":{"line":62,"column":4},"end":{"line":62,"column":4}},{"start":{"line":62,"column":4},"end":{"line":62,"column":4}}]}},"code":["\"use strict\";","","// This is for working with git config files like .git/config and .gitmodules.","// I believe this is just INI format.","module.exports = {","  encode: encode,","  decode: decode","};","","function encode(config) {","  var lines = [];","  Object.keys(config).forEach(function (name) {","    var obj = config[name];","    var deep = {};","    var values = {};","    var hasValues = false;","    Object.keys(obj).forEach(function (key) {","      var value = obj[key];","      if (typeof value === 'object') {","        deep[key] = value;","      }","      else {","        hasValues = true;","        values[key] = value;","      }","    });","    if (hasValues) {","      encodeBody('[' + name + ']', values);","    }","","    Object.keys(deep).forEach(function (sub) {","      var child = deep[sub];","      encodeBody('[' + name + ' \"' + sub + '\"]', child);","    });","  });","","  return lines.join(\"\\n\") + \"\\n\";","","  function encodeBody(header, obj) {","    lines.push(header);","    Object.keys(obj).forEach(function (name) {","      lines.push( \"\\t\" + name + \" = \" + obj[name]);","    });","  }","","}","","","function decode(text) {","  var config = {};","  var section;","  text.split(/[\\r\\n]+/).forEach(function (line) {","    var match = line.match(/\\[([^ \\t\"\\]]+) *(?:\"([^\"]+)\")?\\]/);","    if (match) {","      section = config[match[1]] || (config[match[1]] = {});","      if (match[2]) {","        section = section[match[2]] = {};","      }","      return;","    }","    match = line.match(/([^ \\t=]+)[ \\t]*=[ \\t]*(.+)/);","    if (match) {","      section[match[1]] = match[2];","    }","  });","  return config;","}",""],"l":{"5":1,"10":1,"11":0,"12":0,"13":0,"14":0,"15":0,"16":0,"17":0,"18":0,"19":0,"20":0,"23":0,"24":0,"27":0,"28":0,"31":0,"32":0,"33":0,"37":0,"39":1,"40":0,"41":0,"42":0,"49":1,"50":0,"51":0,"52":0,"53":0,"54":0,"55":0,"56":0,"57":0,"59":0,"61":0,"62":0,"63":0,"66":0}},"/home/travis/build/npmtest/node-npmtest-js-git/node_modules/js-git/lib/defer.js":{"path":"/home/travis/build/npmtest/node-npmtest-js-git/node_modules/js-git/lib/defer.js","s":{"1":1,"2":1,"3":1,"4":0,"5":0,"6":0,"7":0,"8":0,"9":0,"10":0,"11":0,"12":1,"13":0,"14":0,"15":0,"16":0,"17":0},"b":{"1":[1,0],"2":[1,1],"3":[0,0],"4":[0,0],"5":[0,0],"6":[0,0]},"f":{"1":0,"2":0},"fnMap":{"1":{"name":"(anonymous_1)","line":19,"loc":{"start":{"line":19,"column":19},"end":{"line":19,"column":33}}},"2":{"name":"handleMessage","line":25,"loc":{"start":{"line":25,"column":0},"end":{"line":25,"column":30}}}},"statementMap":{"1":{"start":{"line":3,"column":0},"end":{"line":3,"column":26}},"2":{"start":{"line":6,"column":0},"end":{"line":23,"column":1}},"3":{"start":{"line":7,"column":2},"end":{"line":7,"column":36}},"4":{"start":{"line":10,"column":5},"end":{"line":23,"column":1}},"5":{"start":{"line":11,"column":2},"end":{"line":11,"column":32}},"6":{"start":{"line":15,"column":2},"end":{"line":15,"column":16}},"7":{"start":{"line":16,"column":2},"end":{"line":16,"column":39}},"8":{"start":{"line":17,"column":2},"end":{"line":17,"column":58}},"9":{"start":{"line":19,"column":2},"end":{"line":22,"column":4}},"10":{"start":{"line":20,"column":4},"end":{"line":20,"column":22}},"11":{"start":{"line":21,"column":4},"end":{"line":21,"column":41}},"12":{"start":{"line":25,"column":0},"end":{"line":33,"column":1}},"13":{"start":{"line":26,"column":2},"end":{"line":32,"column":3}},"14":{"start":{"line":27,"column":4},"end":{"line":27,"column":28}},"15":{"start":{"line":28,"column":4},"end":{"line":31,"column":5}},"16":{"start":{"line":29,"column":6},"end":{"line":29,"column":32}},"17":{"start":{"line":30,"column":6},"end":{"line":30,"column":11}}},"branchMap":{"1":{"line":6,"type":"if","locations":[{"start":{"line":6,"column":0},"end":{"line":6,"column":0}},{"start":{"line":6,"column":0},"end":{"line":6,"column":0}}]},"2":{"line":6,"type":"binary-expr","locations":[{"start":{"line":6,"column":4},"end":{"line":6,"column":31}},{"start":{"line":6,"column":35},"end":{"line":6,"column":73}}]},"3":{"line":10,"type":"if","locations":[{"start":{"line":10,"column":5},"end":{"line":10,"column":5}},{"start":{"line":10,"column":5},"end":{"line":10,"column":5}}]},"4":{"line":26,"type":"if","locations":[{"start":{"line":26,"column":2},"end":{"line":26,"column":2}},{"start":{"line":26,"column":2},"end":{"line":26,"column":2}}]},"5":{"line":26,"type":"binary-expr","locations":[{"start":{"line":26,"column":6},"end":{"line":26,"column":28}},{"start":{"line":26,"column":32},"end":{"line":26,"column":57}}]},"6":{"line":28,"type":"if","locations":[{"start":{"line":28,"column":4},"end":{"line":28,"column":4}},{"start":{"line":28,"column":4},"end":{"line":28,"column":4}}]}},"code":["\"use strict\";","","var timeouts, messageName;","","// node.js","if (typeof process === \"object\" && typeof process.nextTick === \"function\") {","  module.exports = process.nextTick;","}","// some browsers","else if (typeof setImmediate === \"function\") {","  module.exports = setImmediate;","}","// most other browsers","else {","  timeouts = [];","  messageName = \"zero-timeout-message\";","  window.addEventListener(\"message\", handleMessage, true);","","  module.exports = function (fn) {","    timeouts.push(fn);","    window.postMessage(messageName, \"*\");","  };","}","","function handleMessage(event) {","  if (event.source == window && event.data == messageName) {","    event.stopPropagation();","    if (timeouts.length > 0) {","      var fn = timeouts.shift();","      fn();","    }","  }","}",""],"l":{"3":1,"6":1,"7":1,"10":0,"11":0,"15":0,"16":0,"17":0,"19":0,"20":0,"21":0,"25":1,"26":0,"27":0,"28":0,"29":0,"30":0}},"/home/travis/build/npmtest/node-npmtest-js-git/node_modules/js-git/lib/deflate.js":{"path":"/home/travis/build/npmtest/node-npmtest-js-git/node_modules/js-git/lib/deflate.js","s":{"1":1,"2":1,"3":1,"4":0,"5":1,"6":0},"b":{"1":[0,1]},"f":{"1":0},"fnMap":{"1":{"name":"deflate","line":7,"loc":{"start":{"line":7,"column":19},"end":{"line":7,"column":43}}}},"statementMap":{"1":{"start":{"line":1,"column":0},"end":{"line":1,"column":27}},"2":{"start":{"line":2,"column":0},"end":{"line":2,"column":37}},"3":{"start":{"line":3,"column":0},"end":{"line":10,"column":1}},"4":{"start":{"line":4,"column":2},"end":{"line":4,"column":32}},"5":{"start":{"line":7,"column":2},"end":{"line":9,"column":4}},"6":{"start":{"line":8,"column":4},"end":{"line":8,"column":59}}},"branchMap":{"1":{"line":3,"type":"if","locations":[{"start":{"line":3,"column":0},"end":{"line":3,"column":0}},{"start":{"line":3,"column":0},"end":{"line":3,"column":0}}]}},"code":["var pako = require('pako');","var Binary = require('bodec').Binary;","if (Binary === Uint8Array) {","  module.exports = pako.deflate;","}","else {","  module.exports = function deflate(value) {","    return new Binary(pako.deflate(new Uint8Array(value)));","  };","}",""],"l":{"1":1,"2":1,"3":1,"4":0,"7":1,"8":0}},"/home/travis/build/npmtest/node-npmtest-js-git/node_modules/js-git/lib/find-common.js":{"path":"/home/travis/build/npmtest/node-npmtest-js-git/node_modules/js-git/lib/find-common.js","s":{"1":1,"2":0,"3":0,"4":0,"5":0,"6":0,"7":0,"8":1,"9":1,"10":0,"11":0,"12":0,"13":0,"14":0,"15":0,"16":0,"17":0,"18":1,"19":0,"20":0,"21":0,"22":0,"23":1,"24":0,"25":0,"26":0,"27":0,"28":1,"29":0,"30":0,"31":0,"32":0,"33":0,"34":1,"35":0,"36":0,"37":0,"38":0,"39":0,"40":1,"41":0,"42":0,"43":0,"44":0,"45":0,"46":0,"47":0},"b":{"1":[0,0],"2":[0,0],"3":[0,0],"4":[0,0],"5":[0,0],"6":[0,0],"7":[0,0],"8":[0,0],"9":[0,0],"10":[0,0],"11":[0,0],"12":[0,0]},"f":{"1":0,"2":0,"3":0,"4":0,"5":0,"6":0,"7":0,"8":0},"fnMap":{"1":{"name":"oneCall","line":1,"loc":{"start":{"line":1,"column":0},"end":{"line":1,"column":21}}},"2":{"name":"(anonymous_2)","line":3,"loc":{"start":{"line":3,"column":9},"end":{"line":3,"column":21}}},"3":{"name":"findCommon","line":12,"loc":{"start":{"line":12,"column":0},"end":{"line":12,"column":42}}},"4":{"name":"onAStream","line":22,"loc":{"start":{"line":22,"column":2},"end":{"line":22,"column":34}}},"5":{"name":"onBStream","line":28,"loc":{"start":{"line":28,"column":2},"end":{"line":28,"column":34}}},"6":{"name":"onA","line":34,"loc":{"start":{"line":34,"column":2},"end":{"line":34,"column":28}}},"7":{"name":"onB","line":40,"loc":{"start":{"line":40,"column":2},"end":{"line":40,"column":28}}},"8":{"name":"compare","line":46,"loc":{"start":{"line":46,"column":2},"end":{"line":46,"column":21}}}},"statementMap":{"1":{"start":{"line":1,"column":0},"end":{"line":8,"column":1}},"2":{"start":{"line":2,"column":2},"end":{"line":2,"column":19}},"3":{"start":{"line":3,"column":2},"end":{"line":7,"column":4}},"4":{"start":{"line":4,"column":4},"end":{"line":4,"column":21}},"5":{"start":{"line":4,"column":14},"end":{"line":4,"column":21}},"6":{"start":{"line":5,"column":4},"end":{"line":5,"column":16}},"7":{"start":{"line":6,"column":4},"end":{"line":6,"column":37}},"8":{"start":{"line":10,"column":0},"end":{"line":10,"column":28}},"9":{"start":{"line":12,"column":0},"end":{"line":58,"column":1}},"10":{"start":{"line":13,"column":2},"end":{"line":13,"column":31}},"11":{"start":{"line":14,"column":2},"end":{"line":14,"column":28}},"12":{"start":{"line":15,"column":2},"end":{"line":15,"column":23}},"13":{"start":{"line":16,"column":2},"end":{"line":16,"column":23}},"14":{"start":{"line":18,"column":2},"end":{"line":18,"column":52}},"15":{"start":{"line":18,"column":15},"end":{"line":18,"column":52}},"16":{"start":{"line":19,"column":2},"end":{"line":19,"column":29}},"17":{"start":{"line":20,"column":2},"end":{"line":20,"column":29}},"18":{"start":{"line":22,"column":2},"end":{"line":26,"column":3}},"19":{"start":{"line":23,"column":4},"end":{"line":23,"column":34}},"20":{"start":{"line":23,"column":13},"end":{"line":23,"column":34}},"21":{"start":{"line":24,"column":4},"end":{"line":24,"column":21}},"22":{"start":{"line":25,"column":4},"end":{"line":25,"column":22}},"23":{"start":{"line":28,"column":2},"end":{"line":32,"column":3}},"24":{"start":{"line":29,"column":4},"end":{"line":29,"column":34}},"25":{"start":{"line":29,"column":13},"end":{"line":29,"column":34}},"26":{"start":{"line":30,"column":4},"end":{"line":30,"column":21}},"27":{"start":{"line":31,"column":4},"end":{"line":31,"column":22}},"28":{"start":{"line":34,"column":2},"end":{"line":38,"column":3}},"29":{"start":{"line":35,"column":4},"end":{"line":35,"column":71}},"30":{"start":{"line":35,"column":17},"end":{"line":35,"column":71}},"31":{"start":{"line":36,"column":4},"end":{"line":36,"column":21}},"32":{"start":{"line":37,"column":4},"end":{"line":37,"column":27}},"33":{"start":{"line":37,"column":17},"end":{"line":37,"column":27}},"34":{"start":{"line":40,"column":2},"end":{"line":44,"column":3}},"35":{"start":{"line":41,"column":4},"end":{"line":41,"column":71}},"36":{"start":{"line":41,"column":17},"end":{"line":41,"column":71}},"37":{"start":{"line":42,"column":4},"end":{"line":42,"column":21}},"38":{"start":{"line":43,"column":4},"end":{"line":43,"column":27}},"39":{"start":{"line":43,"column":17},"end":{"line":43,"column":27}},"40":{"start":{"line":46,"column":2},"end":{"line":56,"column":3}},"41":{"start":{"line":47,"column":4},"end":{"line":47,"column":76}},"42":{"start":{"line":47,"column":39},"end":{"line":47,"column":76}},"43":{"start":{"line":48,"column":4},"end":{"line":55,"column":5}},"44":{"start":{"line":49,"column":6},"end":{"line":49,"column":14}},"45":{"start":{"line":50,"column":6},"end":{"line":50,"column":24}},"46":{"start":{"line":53,"column":6},"end":{"line":53,"column":15}},"47":{"start":{"line":54,"column":6},"end":{"line":54,"column":24}}},"branchMap":{"1":{"line":4,"type":"if","locations":[{"start":{"line":4,"column":4},"end":{"line":4,"column":4}},{"start":{"line":4,"column":4},"end":{"line":4,"column":4}}]},"2":{"line":18,"type":"if","locations":[{"start":{"line":18,"column":2},"end":{"line":18,"column":2}},{"start":{"line":18,"column":2},"end":{"line":18,"column":2}}]},"3":{"line":23,"type":"if","locations":[{"start":{"line":23,"column":4},"end":{"line":23,"column":4}},{"start":{"line":23,"column":4},"end":{"line":23,"column":4}}]},"4":{"line":29,"type":"if","locations":[{"start":{"line":29,"column":4},"end":{"line":29,"column":4}},{"start":{"line":29,"column":4},"end":{"line":29,"column":4}}]},"5":{"line":35,"type":"if","locations":[{"start":{"line":35,"column":4},"end":{"line":35,"column":4}},{"start":{"line":35,"column":4},"end":{"line":35,"column":4}}]},"6":{"line":35,"type":"binary-expr","locations":[{"start":{"line":35,"column":33},"end":{"line":35,"column":36}},{"start":{"line":35,"column":40},"end":{"line":35,"column":69}}]},"7":{"line":37,"type":"if","locations":[{"start":{"line":37,"column":4},"end":{"line":37,"column":4}},{"start":{"line":37,"column":4},"end":{"line":37,"column":4}}]},"8":{"line":41,"type":"if","locations":[{"start":{"line":41,"column":4},"end":{"line":41,"column":4}},{"start":{"line":41,"column":4},"end":{"line":41,"column":4}}]},"9":{"line":41,"type":"binary-expr","locations":[{"start":{"line":41,"column":33},"end":{"line":41,"column":36}},{"start":{"line":41,"column":40},"end":{"line":41,"column":69}}]},"10":{"line":43,"type":"if","locations":[{"start":{"line":43,"column":4},"end":{"line":43,"column":4}},{"start":{"line":43,"column":4},"end":{"line":43,"column":4}}]},"11":{"line":47,"type":"if","locations":[{"start":{"line":47,"column":4},"end":{"line":47,"column":4}},{"start":{"line":47,"column":4},"end":{"line":47,"column":4}}]},"12":{"line":48,"type":"if","locations":[{"start":{"line":48,"column":4},"end":{"line":48,"column":4}},{"start":{"line":48,"column":4},"end":{"line":48,"column":4}}]}},"code":["function oneCall(fn) {","  var done = false;","  return function () {","    if (done) return;","    done = true;","    return fn.apply(this, arguments);","  };","}","","module.exports = findCommon;","","function findCommon(repo, a, b, callback) {","  callback = oneCall(callback);","  var ahead = 0, behind = 0;","  var aStream, bStream;","  var aCommit, bCommit;","","  if (a === b) return callback(null, ahead, behind);","  repo.logWalk(a, onAStream);","  repo.logWalk(b, onBStream);","","  function onAStream(err, stream) {","    if (err) return callback(err);","    aStream = stream;","    aStream.read(onA);","  }","","  function onBStream(err, stream) {","    if (err) return callback(err);","    bStream = stream;","    bStream.read(onB);","  }","","  function onA(err, commit) {","    if (!commit) return callback(err || new Error(\"No common commit\"));","    aCommit = commit;","    if (bCommit) compare();","  }","","  function onB(err, commit) {","    if (!commit) return callback(err || new Error(\"No common commit\"));","    bCommit = commit;","    if (aCommit) compare();","  }","","  function compare() {","    if (aCommit.hash === bCommit.hash) return callback(null, ahead, behind);","    if (aCommit.author.date.seconds > bCommit.author.date.seconds) {","      ahead++;","      aStream.read(onA);","    }","    else {","      behind++;","      bStream.read(onB);","    }","  }","","}",""],"l":{"1":1,"2":0,"3":0,"4":0,"5":0,"6":0,"10":1,"12":1,"13":0,"14":0,"15":0,"16":0,"18":0,"19":0,"20":0,"22":1,"23":0,"24":0,"25":0,"28":1,"29":0,"30":0,"31":0,"34":1,"35":0,"36":0,"37":0,"40":1,"41":0,"42":0,"43":0,"46":1,"47":0,"48":0,"49":0,"50":0,"53":0,"54":0}},"/home/travis/build/npmtest/node-npmtest-js-git/node_modules/js-git/lib/inflate.js":{"path":"/home/travis/build/npmtest/node-npmtest-js-git/node_modules/js-git/lib/inflate.js","s":{"1":1,"2":1,"3":1,"4":0,"5":1,"6":0},"b":{"1":[0,1]},"f":{"1":0},"fnMap":{"1":{"name":"inflate","line":7,"loc":{"start":{"line":7,"column":19},"end":{"line":7,"column":43}}}},"statementMap":{"1":{"start":{"line":1,"column":0},"end":{"line":1,"column":27}},"2":{"start":{"line":2,"column":0},"end":{"line":2,"column":37}},"3":{"start":{"line":3,"column":0},"end":{"line":10,"column":1}},"4":{"start":{"line":4,"column":2},"end":{"line":4,"column":32}},"5":{"start":{"line":7,"column":2},"end":{"line":9,"column":4}},"6":{"start":{"line":8,"column":4},"end":{"line":8,"column":59}}},"branchMap":{"1":{"line":3,"type":"if","locations":[{"start":{"line":3,"column":0},"end":{"line":3,"column":0}},{"start":{"line":3,"column":0},"end":{"line":3,"column":0}}]}},"code":["var pako = require('pako');","var Binary = require('bodec').Binary;","if (Binary === Uint8Array) {","  module.exports = pako.inflate;","}","else {","  module.exports = function inflate(value) {","    return new Binary(pako.inflate(new Uint8Array(value
[...]
"column":4}}]},"3":{"line":12,"type":"binary-expr","locations":[{"start":{"line":12,"column":8},"end":{"line":12,"column":13}},{"start":{"line":12,"column":17},"end":{"line":12,"column":22}}]},"4":{"line":48,"type":"if","locations":[{"start":{"line":48,"column":6},"end":{"line":48,"column":6}},{"start":{"line":48,"column":6},"end":{"line":48,"column":6}}]},"5":{"line":48,"type":"binary-expr","locations":[{"start":{"line":48,"column":10},"end":{"line":48,"column":20}},{"start":{"line":48,"column":24},"end":{"line":48,"column":46}}]}},"code":["\"use strict\";","","var makeChannel = require('culvert');","var wrapHandler = require('../lib/wrap-handler');","","module.exports = function (proxyUrl) {","  if (proxyUrl[proxyUrl.length - 1] !== \"/\") proxyUrl += \"/\";","","  return function connect(host, port, onError) {","    port = port|0;","    host = String(host);","    if (!port || !host) throw new TypeError(\"host and port are required\");","","    onData = wrapHandler(onData, onError);","","    var serverChannel = makeChannel();","    var clientChannel = makeChannel();","    var socket = {","      put: serverChannel.put,","      drain: serverChannel.drain,","      take: clientChannel.take","    };","","    var connected = false;","    var ws = new WebSocket(proxyUrl  + \"tcp/\" + host + \"/\" + port);","    ws.binaryType = \"arraybuffer\";","","    ws.onopen = wrap(onOpen, onError);","    ws.onclose = wrap(onClose, onError);","    ws.onmessage = wrap(onMessage, onError);","    ws.onerror = wrap(onWsError, onError);","","    return {","      put: clientChannel.put,","      drain: clientChannel.drain,","      take: serverChannel.take","    };","","    function onOpen() {","      ws.send(\"connect\");","    }","","    function onClose() {","      socket.put();","    }","","    function onMessage(evt) {","      if (!connected && evt.data === \"connect\") {","        connected = true;","        socket.take(onData);","        return;","      }","","      socket.put(new Uint8Array(evt.data));","    }","","    function onWsError() {","      console.error(arguments);","      throw new Error(\"Generic websocket error\");","    }","","    function onData(chunk) {","      ws.send(chunk.buffer);","      socket.take(onData);","    }","","  };","};","","function wrap(fn, onError) {","  return function () {","    try {","      return fn.apply(this, arguments);","    }","    catch (err) {","      onError(err);","    }","  };","}",""],"l":{"3":1,"4":1,"6":1,"7":0,"9":0,"10":0,"11":0,"12":0,"14":0,"16":0,"17":0,"18":0,"24":0,"25":0,"26":0,"28":0,"29":0,"30":0,"31":0,"33":0,"39":1,"40":0,"43":1,"44":0,"47":1,"48":0,"49":0,"50":0,"51":0,"54":0,"57":1,"58":0,"59":0,"62":1,"63":0,"64":0,"70":1,"71":0,"72":0,"73":0,"76":0}},"/home/travis/build/npmtest/node-npmtest-js-git/node_modules/js-git/net/transport-http.js":{"path":"/home/travis/build/npmtest/node-npmtest-js-git/node_modules/js-git/net/transport-http.js","s":{"1":1,"2":1,"3":1,"4":1,"5":1,"6":0,"7":0,"8":0,"9":0,"10":0,"11":0,"12":0,"13":0,"14":0,"15":0,"16":0,"17":0,"18":0,"19":0,"20":0,"21":0,"22":0,"23":0,"24":0,"25":0,"26":0,"27":0,"28":0,"29":0,"30":0,"31":0,"32":0,"33":0,"34":0,"35":0,"36":0,"37":0,"38":0,"39":1,"40":0,"41":0,"42":0,"43":0,"44":0,"45":1,"46":0,"47":0,"48":0,"49":0,"50":0,"51":0,"52":0,"53":0,"54":0,"55":1,"56":0,"57":0,"58":0,"59":0,"60":0},"b":{"1":[0,0],"2":[0,0],"3":[0,0],"4":[0,0],"5":[0,0],"6":[0,0],"7":[0,0],"8":[0,0],"9":[0,0],"10":[0,0],"11":[0,0],"12":[0,0],"13":[0,0],"14":[0,0],"15":[0,0]},"f":{"1":0,"2":0,"3":0,"4":0,"5":0,"6":0,"7":0,"8":0},"fnMap":{"1":{"name":"(anonymous_1)","line":8,"loc":{"start":{"line":8,"column":17},"end":{"line":8,"column":36}}},"2":{"name":"httpTransport","line":10,"loc":{"start":{"line":10,"column":9},"end":{"line":10,"column":60}}},"3":{"name":"(anonymous_3)","line":17,"loc":{"start":{"line":17,"column":11},"end":{"line":17,"column":43}}},"4":{"name":"(anonymous_4)","line":40,"loc":{"start":{"line":40,"column":37},"end":{"line":40,"column":54}}},"5":{"name":"(anonymous_5)","line":47,"loc":{"start":{"line":47,"column":43},"end":{"line":47,"column":59}}},"6":{"name":"onResponse","line":72,"loc":{"start":{"line":72,"column":6},"end":{"line":72,"column":31}}},"7":{"name":"onWrite","line":82,"loc":{"start":{"line":82,"column":6},"end":{"line":82,"column":29}}},"8":{"name":"onResult","line":92,"loc":{"start":{"line":92,"column":6},"end":{"line":92,"column":29}}}},"statementMap":{"1":{"start":{"line":3,"column":0},"end":{"line":3,"column":37}},"2":{"start":{"line":4,"column":0},"end":{"line":4,"column":29}},"3":{"start":{"line":5,"column":0},"end":{"line":5,"column":41}},"4":{"start":{"line":6,"column":0},"end":{"line":6,"column":49}},"5":{"start":{"line":8,"column":0},"end":{"line":103,"column":2}},"6":{"start":{"line":10,"column":2},"end":{"line":102,"column":4}},"7":{"start":{"line":12,"column":4},"end":{"line":12,"column":13}},"8":{"start":{"line":13,"column":4},"end":{"line":15,"column":5}},"9":{"start":{"line":14,"column":6},"end":{"line":14,"column":64}},"10":{"start":{"line":17,"column":4},"end":{"line":101,"column":6}},"11":{"start":{"line":20,"column":6},"end":{"line":20,"column":52}},"12":{"start":{"line":21,"column":6},"end":{"line":21,"column":46}},"13":{"start":{"line":22,"column":6},"end":{"line":22,"column":48}},"14":{"start":{"line":25,"column":6},"end":{"line":25,"column":40}},"15":{"start":{"line":26,"column":6},"end":{"line":26,"column":40}},"16":{"start":{"line":27,"column":6},"end":{"line":31,"column":8}},"17":{"start":{"line":34,"column":6},"end":{"line":34,"column":23}},"18":{"start":{"line":35,"column":6},"end":{"line":35,"column":45}},"19":{"start":{"line":35,"column":16},"end":{"line":35,"column":45}},"20":{"start":{"line":36,"column":6},"end":{"line":36,"column":88}},"21":{"start":{"line":39,"column":6},"end":{"line":39,"column":25}},"22":{"start":{"line":40,"column":6},"end":{"line":42,"column":9}},"23":{"start":{"line":41,"column":8},"end":{"line":41,"column":30}},"24":{"start":{"line":43,"column":6},"end":{"line":43,"column":76}},"25":{"start":{"line":44,"column":6},"end":{"line":44,"column":27}},"26":{"start":{"line":46,"column":6},"end":{"line":46,"column":23}},"27":{"start":{"line":47,"column":6},"end":{"line":63,"column":9}},"28":{"start":{"line":48,"column":8},"end":{"line":62,"column":9}},"29":{"start":{"line":49,"column":10},"end":{"line":49,"column":27}},"30":{"start":{"line":51,"column":13},"end":{"line":62,"column":9}},"31":{"start":{"line":52,"column":10},"end":{"line":54,"column":11}},"32":{"start":{"line":53,"column":12},"end":{"line":53,"column":56}},"33":{"start":{"line":55,"column":10},"end":{"line":55,"column":23}},"34":{"start":{"line":57,"column":13},"end":{"line":62,"column":9}},"35":{"start":{"line":58,"column":10},"end":{"line":60,"column":11}},"36":{"start":{"line":59,"column":12},"end":{"line":59,"column":64}},"37":{"start":{"line":61,"column":10},"end":{"line":61,"column":23}},"38":{"start":{"line":66,"column":6},"end":{"line":70,"column":8}},"39":{"start":{"line":72,"column":6},"end":{"line":80,"column":7}},"40":{"start":{"line":73,"column":8},"end":{"line":75,"column":9}},"41":{"start":{"line":74,"column":10},"end":{"line":74,"column":65}},"42":{"start":{"line":76,"column":8},"end":{"line":78,"column":9}},"43":{"start":{"line":77,"column":10},"end":{"line":77,"column":57}},"44":{"start":{"line":79,"column":8},"end":{"line":79,"column":32}},"45":{"start":{"line":82,"column":6},"end":{"line":90,"column":7}},"46":{"start":{"line":83,"column":8},"end":{"line":83,"column":52}},"47":{"start":{"line":83,"column":32},"end":{"line":83,"column":52}},"48":{"start":{"line":84,"column":8},"end":{"line":84,"column":24}},"49":{"start":{"line":85,"column":8},"end":{"line":85,"column":29}},"50":{"start":{"line":86,"column":8},"end":{"line":86,"column":59}},"51":{"start":{"line":86,"column":52},"end":{"line":86,"column":59}},"52":{"start":{"line":87,"column":8},"end":{"line":87,"column":41}},"53":{"start":{"line":88,"column":8},"end":{"line":88,"column":29}},"54":{"start":{"line":89,"column":8},"end":{"line":89,"column":77}},"55":{"start":{"line":92,"column":6},"end":{"line":100,"column":7}},"56":{"start":{"line":93,"column":8},"end":{"line":95,"column":9}},"57":{"start":{"line":94,"column":10},"end":{"line":94,"column":63}},"58":{"start":{"line":96,"column":8},"end":{"line":98,"column":9}},"59":{"start":{"line":97,"column":10},"end":{"line":97,"column":57}},"60":{"start":{"line":99,"column":8},"end":{"line":99,"column":32}}},"branchMap":{"1":{"line":13,"type":"if","locations":[{"start":{"line":13,"column":4},"end":{"line":13,"column":4}},{"start":{"line":13,"column":4},"end":{"line":13,"column":4}}]},"2":{"line":14,"type":"binary-expr","locations":[{"start":{"line":14,"column":47},"end":{"line":14,"column":55}},{"start":{"line":14,"column":59},"end":{"line":14,"column":61}}]},"3":{"line":35,"type":"if","locations":[{"start":{"line":35,"column":6},"end":{"line":35,"column":6}},{"start":{"line":35,"column":6},"end":{"line":35,"column":6}}]},"4":{"line":48,"type":"if","locations":[{"start":{"line":48,"column":8},"end":{"line":48,"column":8}},{"start":{"line":48,"column":8},"end":{"line":48,"column":8}}]},"5":{"line":51,"type":"if","locations":[{"start":{"line":51,"column":13},"end":{"line":51,"column":13}},{"start":{"line":51,"column":13},"end":{"line":51,"column":13}}]},"6":{"line":52,"type":"if","locations":[{"start":{"line":52,"column":10},"end":{"line":52,"column":10}},{"start":{"line":52,"column":10},"end":{"line":52,"column":10}}]},"7":{"line":57,"type":"if","locations":[{"start":{"line":57,"column":13},"end":{"line":57,"column":13}},{"start":{"line":57,"column":13},"end":{"line":57,"column":13}}]},"8":{"line":58,"type":"if","locations":[{"start":{"line":58,"column":10},"end":{"line":58,"column":10}},{"start":{"line":58,"column":10},"end":{"line":58,"column":10}}]},"9":{"line":73,"type":"if","locations":[{"start":{"line":73,"column":8},"end":{"line":73,"column":8}},{"start":{"line":73,"column":8},"end":{"line":73,"column":8}}]},"10":{"line":76,"type":"if","locations":[{"start":{"line":76,"column":8},"end":{"line":76,"column":8}},{"start":{"line":76,"column":8},"end":{"line":76,"column":8}}]},"11":{"line":83,"type":"if","locations":[{"start":{"line":83,"column":8},"end":{"line":83,"column":8}},{"start":{"line":83,"column":8},"end":{"line":83,"column":8}}]},"12":{"line":86,"type":"if","locations":[{"start":{"line":86,"column":8},"end":{"line":86,"column":8}},{"start":{"line":86,"column":8},"end":{"line":86,"column":8}}]},"13":{"line":86,"type":"binary-expr","locations":[{"start":{"line":86,"column":12},"end":{"line":86,"column":29}},{"start":{"line":86,"column":33},"end":{"line":86,"column":50}}]},"14":{"line":93,"type":"if","locations":[{"start":{"line":93,"column":8},"end":{"line":93,"column":8}},{"start":{"line":93,"column":8},"end":{"line":93,"column":8}}]},"15":{"line":96,"type":"if","locations":[{"start":{"line":96,"column":8},"end":{"line":96,"column":8}},{"start":{"line":96,"column":8},"end":{"line":96,"column":8}}]}},"code":["\"use strict\";","","var makeChannel = require('culvert');","var bodec = require('bodec');","var pktLine = require('../lib/pkt-line');","var wrapHandler = require('../lib/wrap-handler');","","module.exports = function (request) {","","  return function httpTransport(gitUrl, username, password) {","    // Send Auth header if username is set","    var auth;","    if (username) {","      auth = \"Basic \" + btoa(username + \":\" + (password || \"\"));","    }","","    return function (serviceName, onError) {","","      // Wrap our handler functions to route errors properly.","      onResponse = wrapHandler(onResponse, onError);","      onWrite = wrapHandler(onWrite, onError);","      onResult = wrapHandler(onResult, onError);","","      // Create a duplex channel with transform for internal use.","      var serverChannel = makeChannel();//0, \"server\");","      var clientChannel = makeChannel();//0, \"client\");","      var socket = {","        put: serverChannel.put,","        drain: serverChannel.drain,","        take: clientChannel.take","      };","","      // Send the initial request to start the connection.","      var headers = {};","      if (auth) headers.Authorization = auth;","      request(\"GET\", gitUrl + \"/info/refs?service=\" + serviceName, headers, onResponse);","","      // Prep for later requests","      var bodyParts = [];","      var bodyWrite = pktLine.framer(function (chunk) {","        bodyParts.push(chunk);","      });","      headers[\"Content-Type\"] = \"application/x-\" + serviceName + \"-request\";","      socket.take(onWrite);","","      var verified = 0;","      var parseResponse = pktLine.deframer(function (line) {","        if (verified === 2) {","          socket.put(line);","        }","        else if (verified === 0) {","          if (line !== \"# service=\" + serviceName) {","            throw new Error(\"Illegal service response\");","          }","          verified = 1;","        }","        else if (verified === 1) {","          if (line !== null) {","            throw new Error(\"Expected null after service name\");","          }","          verified = 2;","        }","      });","","      // Return the other half of the duplex channel for the protocol logic to use.","      return {","        put: clientChannel.put,","        drain: clientChannel.drain,","        take: serverChannel.take","      };","","      function onResponse(res) {","        if (res.statusCode !== 200) {","          throw new Error(\"Invalid response: \" + res.statusCode);","        }","        if (res.headers[\"content-type\"] !== \"application/x-\" + serviceName + \"-advertisement\") {","          throw new Error(\"Not a smart http git server\");","        }","        parseResponse(res.body);","      }","","      function onWrite(item) {","        if (item === undefined) return socket.put();","        bodyWrite(item);","        socket.take(onWrite);","        if (item !== \"done\\n\" || !bodyParts.length) return;","        var body = bodec.join(bodyParts);","        bodyParts.length = 0;","        request(\"POST\", gitUrl + \"/\" + serviceName, headers, body, onResult);","      }","","      function onResult(res) {","        if (res.statusCode !== 200) {","          throw new Error(\"Invalid result: \" + res.statusCode);","        }","        if (res.headers[\"content-type\"] !== \"application/x-\" + serviceName + \"-result\") {","          throw new Error(\"Not a smart http git server\");","        }","        parseResponse(res.body);","      }","    };","  };","};",""],"l":{"3":1,"4":1,"5":1,"6":1,"8":1,"10":0,"12":0,"13":0,"14":0,"17":0,"20":0,"21":0,"22":0,"25":0,"26":0,"27":0,"34":0,"35":0,"36":0,"39":0,"40":0,"41":0,"43":0,"44":0,"46":0,"47":0,"48":0,"49":0,"51":0,"52":0,"53":0,"55":0,"57":0,"58":0,"59":0,"61":0,"66":0,"72":1,"73":0,"74":0,"76":0,"77":0,"79":0,"82":1,"83":0,"84":0,"85":0,"86":0,"87":0,"88":0,"89":0,"92":1,"93":0,"94":0,"96":0,"97":0,"99":0}},"/home/travis/build/npmtest/node-npmtest-js-git/node_modules/js-git/net/transport-tcp.js":{"path":"/home/travis/build/npmtest/node-npmtest-js-git/node_modules/js-git/net/transport-tcp.js","s":{"1":1,"2":1,"3":1,"4":1,"5":1,"6":0,"7":0,"8":0,"9":0,"10":0,"11":0,"12":0,"13":0,"14":0,"15":0,"16":0,"17":0,"18":0,"19":0,"20":1,"21":0,"22":0,"23":0,"24":1,"25":0,"26":0},"b":{"1":[0,0],"2":[0,0],"3":[0,0],"4":[0,0]},"f":{"1":0,"2":0,"3":0,"4":0,"5":0},"fnMap":{"1":{"name":"(anonymous_1)","line":8,"loc":{"start":{"line":8,"column":17},"end":{"line":8,"column":36}}},"2":{"name":"tcpTransport","line":10,"loc":{"start":{"line":10,"column":9},"end":{"line":10,"column":49}}},"3":{"name":"(anonymous_3)","line":14,"loc":{"start":{"line":14,"column":11},"end":{"line":14,"column":43}}},"4":{"name":"onData","line":29,"loc":{"start":{"line":29,"column":6},"end":{"line":29,"column":29}}},"5":{"name":"onDrain","line":37,"loc":{"start":{"line":37,"column":6},"end":{"line":37,"column":25}}}},"statementMap":{"1":{"start":{"line":3,"column":0},"end":{"line":3,"column":37}},"2":{"start":{"line":4,"column":0},"end":{"line":4,"column":29}},"3":{"start":{"line":5,"column":0},"end":{"line":5,"column":41}},"4":{"start":{"line":6,"column":0},"end":{"line":6,"column":49}},"5":{"start":{"line":8,"column":0},"end":{"line":48,"column":2}},"6":{"start":{"line":10,"column":2},"end":{"line":47,"column":4}},"7":{"start":{"line":11,"column":4},"end":{"line":11,"column":28}},"8":{"start":{"line":12,"column":4},"end":{"line":12,"column":70}},"9":{"start":{"line":12,"column":24},"end":{"line":12,"column":70}},"10":{"start":{"line":14,"column":4},"end":{"line":46,"column":6}},"11":{"start":{"line":16,"column":6},"end":{"line":16,"column":44}},"12":{"start":{"line":17,"column":6},"end":{"line":17,"column":46}},"13":{"start":{"line":19,"column":6},"end":{"line":19,"column":48}},"14":{"start":{"line":20,"column":6},"end":{"line":20,"column":32}},"15":{"start":{"line":21,"column":6},"end":{"line":21,"column":46}},"16":{"start":{"line":23,"column":6},"end":{"line":23,"column":46}},"17":{"start":{"line":24,"column":6},"end":{"line":24,"column":87}},"18":{"start":{"line":25,"column":6},"end":{"line":25,"column":27}},"19":{"start":{"line":28,"column":6},"end":{"line":28,"column":26}},"20":{"start":{"line":29,"column":6},"end":{"line":36,"column":7}},"21":{"start":{"line":30,"column":8},"end":{"line":35,"column":9}},"22":{"start":{"line":31,"column":10},"end":{"line":31,"column":30}},"23":{"start":{"line":34,"column":10},"end":{"line":34,"column":31}},"24":{"start":{"line":37,"column":6},"end":{"line":39,"column":7}},"25":{"start":{"line":38,"column":8},"end":{"line":38,"column":28}},"26":{"start":{"line":41,"column":6},"end":{"line":45,"column":8}}},"branchMap":{"1":{"line":11,"type":"binary-expr","locations":[{"start":{"line":11,"column":12},"end":{"line":11,"column":18}},{"start":{"line":11,"column":23},"end":{"line":11,"column":27}}]},"2":{"line":12,"type":"if","locations":[{"start":{"line":12,"column":4},"end":{"line":12,"column":4}},{"start":{"line":12,"column":4},"end":{"line":12,"column":4}}]},"3":{"line":12,"type":"binary-expr","locations":[{"start":{"line":12,"column":8},"end":{"line":12,"column":13}},{"start":{"line":12,"column":17},"end":{"line":12,"column":22}}]},"4":{"line":30,"type":"if","locations":[{"start":{"line":30,"column":8},"end":{"line":30,"column":8}},{"start":{"line":30,"column":8},"end":{"line":30,"column":8}}]}},"code":["\"use strict\";","","var makeChannel = require('culvert');","var bodec = require('bodec');","var pktLine = require('../lib/pkt-line');","var wrapHandler = require('../lib/wrap-handler');","","module.exports = function (connect) {","","  return function tcpTransport(path, host, port) {","    port = (port|0) || 9418;","    if (!path || !host) throw new Error(\"path and host are required\");","","    return function (serviceName, onError) {","","      onData = wrapHandler(onData, onError);","      onDrain = wrapHandler(onDrain, onError);","","      var socket = connect(host, port, onError);","      var inter = makeChannel();","      inter.put = pktLine.deframer(inter.put);","","      socket.put = pktLine.framer(socket.put);","      var greeting = bodec.fromRaw(serviceName + \" \" + path + \"\\0host=\" + host + \"\\0\");","      socket.put(greeting);","","      // Pipe socket to inter with backpressure","      socket.take(onData);","      function onData(chunk) {","        if (inter.put(chunk)) {","          socket.take(onData);","        }","        else {","          inter.drain(onDrain);","        }","      }","      function onDrain() {","        socket.take(onData);","      }","","      return {","        put: socket.put,","        drain: socket.drain,","        take: inter.take","      };","    };","  };","};",""],"l":{"3":1,"4":1,"5":1,"6":1,"8":1,"10":0,"11":0,"12":0,"14":0,"16":0,"17":0,"19":0,"20":0,"21":0,"23":0,"24":0,"25":0,"28":0,"29":1,"30":0,"31":0,"34":0,"37":1,"38":0,"41":0}}}